<?xml version="1.0" encoding="utf-8"?><testsuites name="pytest tests"><testsuite name="pytest" errors="0" failures="36" skipped="0" tests="69" time="31.413" timestamp="2026-06-14T16:55:09.520584+05:30" hostname="DESKTOP-M1BRJFV"><testcase classname="tests_generated.test_api_from_workbook" name="test_api_case_from_workbook[1_HappyPath::TC-HP-001]" time="0.718" /><testcase classname="tests_generated.test_api_from_workbook" name="test_api_case_from_workbook[1_HappyPath::TC-HP-002]" time="0.620"><failure message="AssertionError: Expected citation D-002, got: D-001">case = TestCase(sheet='1_HappyPath', row_number=4, test_case_id='TC-HP-002', category='Happy Path', region='EMEA', role='Empl...75 or JPY', pass_criteria="Response contains 'EUR 60' AND citation D-002 present", risk='Medium', testing_layer='Both')

    @allure.epic("Knowledge Assistant")
    @allure.label("owner", AUTHOR)
    @allure.label("tester", AUTHOR)
    @allure.label("automation_engineer", AUTHOR)
    def test_api_case_from_workbook(case):
        allure.dynamic.feature(case.sheet)
        allure.dynamic.story(case.category)
        allure.dynamic.title(f"{case.test_case_id} - {case.prompt}")
        allure.dynamic.description(
            f"Risk: {case.risk}\n"
            f"Region: {case.region}\n"
            f"Role: {case.role}\n"
            f"Expected: {case.expected_behavior}\n"
            f"Pass Criteria: {case.pass_criteria}\n"
            f"Must NOT Do: {case.must_not_do}"
        )
    
        client = KnowledgeAssistantApiClient()
        with allure.step("Prepare API request data"):
            request_details = {
                "test_case_id": case.test_case_id,
                "sheet": case.sheet,
                "region": case.region,
                "role": case.role,
                "prompt": case.prompt,
            }
            allure.attach(json.dumps(request_details, indent=2), "request-data.json", allure.attachment_type.JSON)
    
        with allure.step("Execute API request"):
            if case.prompt.strip().upper().startswith("GET /DOCUMENTS"):
                response = client.documents(case)
            else:
                response = client.query(case)
    
            allure.attach(str(response.status_code), "status-code.txt", allure.attachment_type.TEXT)
            allure.attach(json.dumps(dict(response.headers), indent=2), "response-headers.json", allure.attachment_type.JSON)
            allure.attach(response.text, "response-payload.json", allure.attachment_type.JSON)
    
        with allure.step("Validate API response"):
            try:
                body = response.json()
            except ValueError:
                body = response.text
            evidence = build_evidence(response.status_code, response.text, body)
&gt;           assert_api_case(case, evidence)

tests_generated\test_api_from_workbook.py:54: 
_ _ _ _ _ _ _ _ _ _ _ _ _ _ _ _ _ _ _ _ _ _ _ _ _ _ _ _ _ _ _ _ _ _ _ _ _ _ _ _ _ _ _ _ _ _ _ _ _ _ _ _ _ _ _ _ _ _ _ _ 

case = TestCase(sheet='1_HappyPath', row_number=4, test_case_id='TC-HP-002', category='Happy Path', region='EMEA', role='Empl...75 or JPY', pass_criteria="Response contains 'EUR 60' AND citation D-002 present", risk='Medium', testing_layer='Both')
evidence = ApiEvidence(answer='For Americas travel, the daily meal allowance is USD 75; receipts are required above USD 25.', cit...ts are required above USD 25.","citations":["D-001"],"user":{"region":"Americas","role":"Employee"}}', status_code=200)

    def assert_api_case(case: TestCase, evidence: ApiEvidence) -&gt; None:
        if case.is_spec_gap:
            assert evidence.status_code &lt; 500, "Spec-gap case should not crash the service."
            return
    
        text = f"{case.expected_behavior} {case.pass_criteria}"
        must_not = case.must_not_do
    
        if _expects_client_error(case):
            assert evidence.status_code in {200, 400, 422}, f"Expected graceful validation, got HTTP {evidence.status_code}"
        else:
            assert evidence.status_code == 200, f"Expected HTTP 200, got {evidence.status_code}"
    
        expects_refusal = _expects_refusal(text)
        expected_docs = set() if expects_refusal else _expected_documents(text)
        forbidden_docs = _forbidden_documents(must_not, case.pass_criteria)
        expected_terms = _expected_terms(text)
        forbidden_terms = _forbidden_terms(must_not)
    
        combined = f"{evidence.answer} {evidence.citations_text}"
    
        if expects_refusal:
            assert _contains_refusal(evidence.answer) or not evidence.answer.strip(), (
                f"Expected refusal language, got answer: {evidence.answer!r}"
            )
    
        for doc_id in expected_docs:
&gt;           assert doc_id in evidence.citations_text, f"Expected citation {doc_id}, got: {evidence.citations_text or 'no citations'}"
                   ^^^^^^^^^^^^^^^^^^^^^^^^^^^^^^^^^
E           AssertionError: Expected citation D-002, got: D-001

framework\assertions.py:77: AssertionError</failure></testcase><testcase classname="tests_generated.test_api_from_workbook" name="test_api_case_from_workbook[1_HappyPath::TC-HP-003]" time="0.625"><failure message="AssertionError: Expected citation D-008, got: no citations">case = TestCase(sheet='1_HappyPath', row_number=5, test_case_id='TC-HP-003', category='Happy Path', region='Americas', role='...holds', pass_criteria="Response contains '10,000' AND '50,000' AND citation D-008", risk='Medium', testing_layer='API')

    @allure.epic("Knowledge Assistant")
    @allure.label("owner", AUTHOR)
    @allure.label("tester", AUTHOR)
    @allure.label("automation_engineer", AUTHOR)
    def test_api_case_from_workbook(case):
        allure.dynamic.feature(case.sheet)
        allure.dynamic.story(case.category)
        allure.dynamic.title(f"{case.test_case_id} - {case.prompt}")
        allure.dynamic.description(
            f"Risk: {case.risk}\n"
            f"Region: {case.region}\n"
            f"Role: {case.role}\n"
            f"Expected: {case.expected_behavior}\n"
            f"Pass Criteria: {case.pass_criteria}\n"
            f"Must NOT Do: {case.must_not_do}"
        )
    
        client = KnowledgeAssistantApiClient()
        with allure.step("Prepare API request data"):
            request_details = {
                "test_case_id": case.test_case_id,
                "sheet": case.sheet,
                "region": case.region,
                "role": case.role,
                "prompt": case.prompt,
            }
            allure.attach(json.dumps(request_details, indent=2), "request-data.json", allure.attachment_type.JSON)
    
        with allure.step("Execute API request"):
            if case.prompt.strip().upper().startswith("GET /DOCUMENTS"):
                response = client.documents(case)
            else:
                response = client.query(case)
    
            allure.attach(str(response.status_code), "status-code.txt", allure.attachment_type.TEXT)
            allure.attach(json.dumps(dict(response.headers), indent=2), "response-headers.json", allure.attachment_type.JSON)
            allure.attach(response.text, "response-payload.json", allure.attachment_type.JSON)
    
        with allure.step("Validate API response"):
            try:
                body = response.json()
            except ValueError:
                body = response.text
            evidence = build_evidence(response.status_code, response.text, body)
&gt;           assert_api_case(case, evidence)

tests_generated\test_api_from_workbook.py:54: 
_ _ _ _ _ _ _ _ _ _ _ _ _ _ _ _ _ _ _ _ _ _ _ _ _ _ _ _ _ _ _ _ _ _ _ _ _ _ _ _ _ _ _ _ _ _ _ _ _ _ _ _ _ _ _ _ _ _ _ _ 

case = TestCase(sheet='1_HappyPath', row_number=5, test_case_id='TC-HP-003', category='Happy Path', region='Americas', role='...holds', pass_criteria="Response contains '10,000' AND '50,000' AND citation D-008", risk='Medium', testing_layer='API')
evidence = ApiEvidence(answer='I do not have an approved document available to you on that topic.', citations_text='', response_t...ment available to you on that topic.","citations":[],"user":{"region":"Americas","role":"Employee"}}', status_code=200)

    def assert_api_case(case: TestCase, evidence: ApiEvidence) -&gt; None:
        if case.is_spec_gap:
            assert evidence.status_code &lt; 500, "Spec-gap case should not crash the service."
            return
    
        text = f"{case.expected_behavior} {case.pass_criteria}"
        must_not = case.must_not_do
    
        if _expects_client_error(case):
            assert evidence.status_code in {200, 400, 422}, f"Expected graceful validation, got HTTP {evidence.status_code}"
        else:
            assert evidence.status_code == 200, f"Expected HTTP 200, got {evidence.status_code}"
    
        expects_refusal = _expects_refusal(text)
        expected_docs = set() if expects_refusal else _expected_documents(text)
        forbidden_docs = _forbidden_documents(must_not, case.pass_criteria)
        expected_terms = _expected_terms(text)
        forbidden_terms = _forbidden_terms(must_not)
    
        combined = f"{evidence.answer} {evidence.citations_text}"
    
        if expects_refusal:
            assert _contains_refusal(evidence.answer) or not evidence.answer.strip(), (
                f"Expected refusal language, got answer: {evidence.answer!r}"
            )
    
        for doc_id in expected_docs:
&gt;           assert doc_id in evidence.citations_text, f"Expected citation {doc_id}, got: {evidence.citations_text or 'no citations'}"
                   ^^^^^^^^^^^^^^^^^^^^^^^^^^^^^^^^^
E           AssertionError: Expected citation D-008, got: no citations

framework\assertions.py:77: AssertionError</failure></testcase><testcase classname="tests_generated.test_api_from_workbook" name="test_api_case_from_workbook[1_HappyPath::TC-HP-004]" time="0.615"><failure message="AssertionError: Expected citation D-006, got: no citations">case = TestCase(sheet='1_HappyPath', row_number=6, test_case_id='TC-HP-004', category='Happy Path', region='Americas', role='...ndbox requirement', pass_criteria="Response contains 'sandbox' AND citation D-006", risk='Medium', testing_layer='API')

    @allure.epic("Knowledge Assistant")
    @allure.label("owner", AUTHOR)
    @allure.label("tester", AUTHOR)
    @allure.label("automation_engineer", AUTHOR)
    def test_api_case_from_workbook(case):
        allure.dynamic.feature(case.sheet)
        allure.dynamic.story(case.category)
        allure.dynamic.title(f"{case.test_case_id} - {case.prompt}")
        allure.dynamic.description(
            f"Risk: {case.risk}\n"
            f"Region: {case.region}\n"
            f"Role: {case.role}\n"
            f"Expected: {case.expected_behavior}\n"
            f"Pass Criteria: {case.pass_criteria}\n"
            f"Must NOT Do: {case.must_not_do}"
        )
    
        client = KnowledgeAssistantApiClient()
        with allure.step("Prepare API request data"):
            request_details = {
                "test_case_id": case.test_case_id,
                "sheet": case.sheet,
                "region": case.region,
                "role": case.role,
                "prompt": case.prompt,
            }
            allure.attach(json.dumps(request_details, indent=2), "request-data.json", allure.attachment_type.JSON)
    
        with allure.step("Execute API request"):
            if case.prompt.strip().upper().startswith("GET /DOCUMENTS"):
                response = client.documents(case)
            else:
                response = client.query(case)
    
            allure.attach(str(response.status_code), "status-code.txt", allure.attachment_type.TEXT)
            allure.attach(json.dumps(dict(response.headers), indent=2), "response-headers.json", allure.attachment_type.JSON)
            allure.attach(response.text, "response-payload.json", allure.attachment_type.JSON)
    
        with allure.step("Validate API response"):
            try:
                body = response.json()
            except ValueError:
                body = response.text
            evidence = build_evidence(response.status_code, response.text, body)
&gt;           assert_api_case(case, evidence)

tests_generated\test_api_from_workbook.py:54: 
_ _ _ _ _ _ _ _ _ _ _ _ _ _ _ _ _ _ _ _ _ _ _ _ _ _ _ _ _ _ _ _ _ _ _ _ _ _ _ _ _ _ _ _ _ _ _ _ _ _ _ _ _ _ _ _ _ _ _ _ 

case = TestCase(sheet='1_HappyPath', row_number=6, test_case_id='TC-HP-004', category='Happy Path', region='Americas', role='...ndbox requirement', pass_criteria="Response contains 'sandbox' AND citation D-006", risk='Medium', testing_layer='API')
evidence = ApiEvidence(answer='I do not have an approved document available to you on that topic.', citations_text='', response_t...ment available to you on that topic.","citations":[],"user":{"region":"Americas","role":"Employee"}}', status_code=200)

    def assert_api_case(case: TestCase, evidence: ApiEvidence) -&gt; None:
        if case.is_spec_gap:
            assert evidence.status_code &lt; 500, "Spec-gap case should not crash the service."
            return
    
        text = f"{case.expected_behavior} {case.pass_criteria}"
        must_not = case.must_not_do
    
        if _expects_client_error(case):
            assert evidence.status_code in {200, 400, 422}, f"Expected graceful validation, got HTTP {evidence.status_code}"
        else:
            assert evidence.status_code == 200, f"Expected HTTP 200, got {evidence.status_code}"
    
        expects_refusal = _expects_refusal(text)
        expected_docs = set() if expects_refusal else _expected_documents(text)
        forbidden_docs = _forbidden_documents(must_not, case.pass_criteria)
        expected_terms = _expected_terms(text)
        forbidden_terms = _forbidden_terms(must_not)
    
        combined = f"{evidence.answer} {evidence.citations_text}"
    
        if expects_refusal:
            assert _contains_refusal(evidence.answer) or not evidence.answer.strip(), (
                f"Expected refusal language, got answer: {evidence.answer!r}"
            )
    
        for doc_id in expected_docs:
&gt;           assert doc_id in evidence.citations_text, f"Expected citation {doc_id}, got: {evidence.citations_text or 'no citations'}"
                   ^^^^^^^^^^^^^^^^^^^^^^^^^^^^^^^^^
E           AssertionError: Expected citation D-006, got: no citations

framework\assertions.py:77: AssertionError</failure></testcase><testcase classname="tests_generated.test_api_from_workbook" name="test_api_case_from_workbook[1_HappyPath::TC-HP-005]" time="0.694"><failure message="AssertionError: Expected citation D-004, got: D-005">case = TestCase(sheet='1_HappyPath', row_number=7, test_case_id='TC-HP-005', category='Happy Path', region='EMEA', role='Mana...ay', pass_criteria="Response contains '3 days' AND citation D-004; D-005 not cited", risk='High', testing_layer='Both')

    @allure.epic("Knowledge Assistant")
    @allure.label("owner", AUTHOR)
    @allure.label("tester", AUTHOR)
    @allure.label("automation_engineer", AUTHOR)
    def test_api_case_from_workbook(case):
        allure.dynamic.feature(case.sheet)
        allure.dynamic.story(case.category)
        allure.dynamic.title(f"{case.test_case_id} - {case.prompt}")
        allure.dynamic.description(
            f"Risk: {case.risk}\n"
            f"Region: {case.region}\n"
            f"Role: {case.role}\n"
            f"Expected: {case.expected_behavior}\n"
            f"Pass Criteria: {case.pass_criteria}\n"
            f"Must NOT Do: {case.must_not_do}"
        )
    
        client = KnowledgeAssistantApiClient()
        with allure.step("Prepare API request data"):
            request_details = {
                "test_case_id": case.test_case_id,
                "sheet": case.sheet,
                "region": case.region,
                "role": case.role,
                "prompt": case.prompt,
            }
            allure.attach(json.dumps(request_details, indent=2), "request-data.json", allure.attachment_type.JSON)
    
        with allure.step("Execute API request"):
            if case.prompt.strip().upper().startswith("GET /DOCUMENTS"):
                response = client.documents(case)
            else:
                response = client.query(case)
    
            allure.attach(str(response.status_code), "status-code.txt", allure.attachment_type.TEXT)
            allure.attach(json.dumps(dict(response.headers), indent=2), "response-headers.json", allure.attachment_type.JSON)
            allure.attach(response.text, "response-payload.json", allure.attachment_type.JSON)
    
        with allure.step("Validate API response"):
            try:
                body = response.json()
            except ValueError:
                body = response.text
            evidence = build_evidence(response.status_code, response.text, body)
&gt;           assert_api_case(case, evidence)

tests_generated\test_api_from_workbook.py:54: 
_ _ _ _ _ _ _ _ _ _ _ _ _ _ _ _ _ _ _ _ _ _ _ _ _ _ _ _ _ _ _ _ _ _ _ _ _ _ _ _ _ _ _ _ _ _ _ _ _ _ _ _ _ _ _ _ _ _ _ _ 

case = TestCase(sheet='1_HappyPath', row_number=7, test_case_id='TC-HP-005', category='Happy Path', region='EMEA', role='Mana...ay', pass_criteria="Response contains '3 days' AND citation D-004; D-005 not cited", risk='High', testing_layer='Both')
evidence = ApiEvidence(answer='You can work remotely up to 1 day per week.', citations_text='D-005', response_text='{"answer":"Yo...emotely up to 1 day per week.","citations":["D-005"],"user":{"region":"Americas","role":"Employee"}}', status_code=200)

    def assert_api_case(case: TestCase, evidence: ApiEvidence) -&gt; None:
        if case.is_spec_gap:
            assert evidence.status_code &lt; 500, "Spec-gap case should not crash the service."
            return
    
        text = f"{case.expected_behavior} {case.pass_criteria}"
        must_not = case.must_not_do
    
        if _expects_client_error(case):
            assert evidence.status_code in {200, 400, 422}, f"Expected graceful validation, got HTTP {evidence.status_code}"
        else:
            assert evidence.status_code == 200, f"Expected HTTP 200, got {evidence.status_code}"
    
        expects_refusal = _expects_refusal(text)
        expected_docs = set() if expects_refusal else _expected_documents(text)
        forbidden_docs = _forbidden_documents(must_not, case.pass_criteria)
        expected_terms = _expected_terms(text)
        forbidden_terms = _forbidden_terms(must_not)
    
        combined = f"{evidence.answer} {evidence.citations_text}"
    
        if expects_refusal:
            assert _contains_refusal(evidence.answer) or not evidence.answer.strip(), (
                f"Expected refusal language, got answer: {evidence.answer!r}"
            )
    
        for doc_id in expected_docs:
&gt;           assert doc_id in evidence.citations_text, f"Expected citation {doc_id}, got: {evidence.citations_text or 'no citations'}"
                   ^^^^^^^^^^^^^^^^^^^^^^^^^^^^^^^^^
E           AssertionError: Expected citation D-004, got: D-005

framework\assertions.py:77: AssertionError</failure></testcase><testcase classname="tests_generated.test_api_from_workbook" name="test_api_case_from_workbook[1_HappyPath::TC-HP-006]" time="0.516" /><testcase classname="tests_generated.test_api_from_workbook" name="test_api_case_from_workbook[1_HappyPath::TC-HP-007]" time="0.478"><failure message="AssertionError: Expected citation D-008, got: no citations">case = TestCase(sheet='1_HappyPath', row_number=9, test_case_id='TC-HP-007', category='Happy Path', region='APAC', role='Fina...h; D-008 is Global', pass_criteria="Response contains '10,000' AND citation D-008", risk='Medium', testing_layer='API')

    @allure.epic("Knowledge Assistant")
    @allure.label("owner", AUTHOR)
    @allure.label("tester", AUTHOR)
    @allure.label("automation_engineer", AUTHOR)
    def test_api_case_from_workbook(case):
        allure.dynamic.feature(case.sheet)
        allure.dynamic.story(case.category)
        allure.dynamic.title(f"{case.test_case_id} - {case.prompt}")
        allure.dynamic.description(
            f"Risk: {case.risk}\n"
            f"Region: {case.region}\n"
            f"Role: {case.role}\n"
            f"Expected: {case.expected_behavior}\n"
            f"Pass Criteria: {case.pass_criteria}\n"
            f"Must NOT Do: {case.must_not_do}"
        )
    
        client = KnowledgeAssistantApiClient()
        with allure.step("Prepare API request data"):
            request_details = {
                "test_case_id": case.test_case_id,
                "sheet": case.sheet,
                "region": case.region,
                "role": case.role,
                "prompt": case.prompt,
            }
            allure.attach(json.dumps(request_details, indent=2), "request-data.json", allure.attachment_type.JSON)
    
        with allure.step("Execute API request"):
            if case.prompt.strip().upper().startswith("GET /DOCUMENTS"):
                response = client.documents(case)
            else:
                response = client.query(case)
    
            allure.attach(str(response.status_code), "status-code.txt", allure.attachment_type.TEXT)
            allure.attach(json.dumps(dict(response.headers), indent=2), "response-headers.json", allure.attachment_type.JSON)
            allure.attach(response.text, "response-payload.json", allure.attachment_type.JSON)
    
        with allure.step("Validate API response"):
            try:
                body = response.json()
            except ValueError:
                body = response.text
            evidence = build_evidence(response.status_code, response.text, body)
&gt;           assert_api_case(case, evidence)

tests_generated\test_api_from_workbook.py:54: 
_ _ _ _ _ _ _ _ _ _ _ _ _ _ _ _ _ _ _ _ _ _ _ _ _ _ _ _ _ _ _ _ _ _ _ _ _ _ _ _ _ _ _ _ _ _ _ _ _ _ _ _ _ _ _ _ _ _ _ _ 

case = TestCase(sheet='1_HappyPath', row_number=9, test_case_id='TC-HP-007', category='Happy Path', region='APAC', role='Fina...h; D-008 is Global', pass_criteria="Response contains '10,000' AND citation D-008", risk='Medium', testing_layer='API')
evidence = ApiEvidence(answer='I do not have an approved document available to you on that topic.', citations_text='', response_t...ment available to you on that topic.","citations":[],"user":{"region":"Americas","role":"Employee"}}', status_code=200)

    def assert_api_case(case: TestCase, evidence: ApiEvidence) -&gt; None:
        if case.is_spec_gap:
            assert evidence.status_code &lt; 500, "Spec-gap case should not crash the service."
            return
    
        text = f"{case.expected_behavior} {case.pass_criteria}"
        must_not = case.must_not_do
    
        if _expects_client_error(case):
            assert evidence.status_code in {200, 400, 422}, f"Expected graceful validation, got HTTP {evidence.status_code}"
        else:
            assert evidence.status_code == 200, f"Expected HTTP 200, got {evidence.status_code}"
    
        expects_refusal = _expects_refusal(text)
        expected_docs = set() if expects_refusal else _expected_documents(text)
        forbidden_docs = _forbidden_documents(must_not, case.pass_criteria)
        expected_terms = _expected_terms(text)
        forbidden_terms = _forbidden_terms(must_not)
    
        combined = f"{evidence.answer} {evidence.citations_text}"
    
        if expects_refusal:
            assert _contains_refusal(evidence.answer) or not evidence.answer.strip(), (
                f"Expected refusal language, got answer: {evidence.answer!r}"
            )
    
        for doc_id in expected_docs:
&gt;           assert doc_id in evidence.citations_text, f"Expected citation {doc_id}, got: {evidence.citations_text or 'no citations'}"
                   ^^^^^^^^^^^^^^^^^^^^^^^^^^^^^^^^^
E           AssertionError: Expected citation D-008, got: no citations

framework\assertions.py:77: AssertionError</failure></testcase><testcase classname="tests_generated.test_api_from_workbook" name="test_api_case_from_workbook[1_HappyPath::TC-HP-008]" time="0.503"><failure message="AssertionError: Expected citation D-004, got: D-005">case = TestCase(sheet='1_HappyPath', row_number=10, test_case_id='TC-HP-008', category='Happy Path', region='Americas', role=...'Say 1 day; cite D-005', pass_criteria="Response contains '3' AND citation D-004", risk='Medium', testing_layer='Both')

    @allure.epic("Knowledge Assistant")
    @allure.label("owner", AUTHOR)
    @allure.label("tester", AUTHOR)
    @allure.label("automation_engineer", AUTHOR)
    def test_api_case_from_workbook(case):
        allure.dynamic.feature(case.sheet)
        allure.dynamic.story(case.category)
        allure.dynamic.title(f"{case.test_case_id} - {case.prompt}")
        allure.dynamic.description(
            f"Risk: {case.risk}\n"
            f"Region: {case.region}\n"
            f"Role: {case.role}\n"
            f"Expected: {case.expected_behavior}\n"
            f"Pass Criteria: {case.pass_criteria}\n"
            f"Must NOT Do: {case.must_not_do}"
        )
    
        client = KnowledgeAssistantApiClient()
        with allure.step("Prepare API request data"):
            request_details = {
                "test_case_id": case.test_case_id,
                "sheet": case.sheet,
                "region": case.region,
                "role": case.role,
                "prompt": case.prompt,
            }
            allure.attach(json.dumps(request_details, indent=2), "request-data.json", allure.attachment_type.JSON)
    
        with allure.step("Execute API request"):
            if case.prompt.strip().upper().startswith("GET /DOCUMENTS"):
                response = client.documents(case)
            else:
                response = client.query(case)
    
            allure.attach(str(response.status_code), "status-code.txt", allure.attachment_type.TEXT)
            allure.attach(json.dumps(dict(response.headers), indent=2), "response-headers.json", allure.attachment_type.JSON)
            allure.attach(response.text, "response-payload.json", allure.attachment_type.JSON)
    
        with allure.step("Validate API response"):
            try:
                body = response.json()
            except ValueError:
                body = response.text
            evidence = build_evidence(response.status_code, response.text, body)
&gt;           assert_api_case(case, evidence)

tests_generated\test_api_from_workbook.py:54: 
_ _ _ _ _ _ _ _ _ _ _ _ _ _ _ _ _ _ _ _ _ _ _ _ _ _ _ _ _ _ _ _ _ _ _ _ _ _ _ _ _ _ _ _ _ _ _ _ _ _ _ _ _ _ _ _ _ _ _ _ 

case = TestCase(sheet='1_HappyPath', row_number=10, test_case_id='TC-HP-008', category='Happy Path', region='Americas', role=...'Say 1 day; cite D-005', pass_criteria="Response contains '3' AND citation D-004", risk='Medium', testing_layer='Both')
evidence = ApiEvidence(answer='You can work remotely up to 1 day per week.', citations_text='D-005', response_text='{"answer":"Yo...emotely up to 1 day per week.","citations":["D-005"],"user":{"region":"Americas","role":"Employee"}}', status_code=200)

    def assert_api_case(case: TestCase, evidence: ApiEvidence) -&gt; None:
        if case.is_spec_gap:
            assert evidence.status_code &lt; 500, "Spec-gap case should not crash the service."
            return
    
        text = f"{case.expected_behavior} {case.pass_criteria}"
        must_not = case.must_not_do
    
        if _expects_client_error(case):
            assert evidence.status_code in {200, 400, 422}, f"Expected graceful validation, got HTTP {evidence.status_code}"
        else:
            assert evidence.status_code == 200, f"Expected HTTP 200, got {evidence.status_code}"
    
        expects_refusal = _expects_refusal(text)
        expected_docs = set() if expects_refusal else _expected_documents(text)
        forbidden_docs = _forbidden_documents(must_not, case.pass_criteria)
        expected_terms = _expected_terms(text)
        forbidden_terms = _forbidden_terms(must_not)
    
        combined = f"{evidence.answer} {evidence.citations_text}"
    
        if expects_refusal:
            assert _contains_refusal(evidence.answer) or not evidence.answer.strip(), (
                f"Expected refusal language, got answer: {evidence.answer!r}"
            )
    
        for doc_id in expected_docs:
&gt;           assert doc_id in evidence.citations_text, f"Expected citation {doc_id}, got: {evidence.citations_text or 'no citations'}"
                   ^^^^^^^^^^^^^^^^^^^^^^^^^^^^^^^^^
E           AssertionError: Expected citation D-004, got: D-005

framework\assertions.py:77: AssertionError</failure></testcase><testcase classname="tests_generated.test_api_from_workbook" name="test_api_case_from_workbook[2_Lifecycle::TC-LC-001]" time="0.523"><failure message="AssertionError: Expected refusal language, got answer: 'For Americas travel, the daily meal allowance is USD 75; receipts are required above USD 25.'">case = TestCase(sheet='2_Lifecycle', row_number=3, test_case_id='TC-LC-001', category='Lifecycle', region='APAC', role='Emplo... pass_criteria='Response is a refusal; no citation; no JPY figure; D-003 not cited', risk='High', testing_layer='Both')

    @allure.epic("Knowledge Assistant")
    @allure.label("owner", AUTHOR)
    @allure.label("tester", AUTHOR)
    @allure.label("automation_engineer", AUTHOR)
    def test_api_case_from_workbook(case):
        allure.dynamic.feature(case.sheet)
        allure.dynamic.story(case.category)
        allure.dynamic.title(f"{case.test_case_id} - {case.prompt}")
        allure.dynamic.description(
            f"Risk: {case.risk}\n"
            f"Region: {case.region}\n"
            f"Role: {case.role}\n"
            f"Expected: {case.expected_behavior}\n"
            f"Pass Criteria: {case.pass_criteria}\n"
            f"Must NOT Do: {case.must_not_do}"
        )
    
        client = KnowledgeAssistantApiClient()
        with allure.step("Prepare API request data"):
            request_details = {
                "test_case_id": case.test_case_id,
                "sheet": case.sheet,
                "region": case.region,
                "role": case.role,
                "prompt": case.prompt,
            }
            allure.attach(json.dumps(request_details, indent=2), "request-data.json", allure.attachment_type.JSON)
    
        with allure.step("Execute API request"):
            if case.prompt.strip().upper().startswith("GET /DOCUMENTS"):
                response = client.documents(case)
            else:
                response = client.query(case)
    
            allure.attach(str(response.status_code), "status-code.txt", allure.attachment_type.TEXT)
            allure.attach(json.dumps(dict(response.headers), indent=2), "response-headers.json", allure.attachment_type.JSON)
            allure.attach(response.text, "response-payload.json", allure.attachment_type.JSON)
    
        with allure.step("Validate API response"):
            try:
                body = response.json()
            except ValueError:
                body = response.text
            evidence = build_evidence(response.status_code, response.text, body)
&gt;           assert_api_case(case, evidence)

tests_generated\test_api_from_workbook.py:54: 
_ _ _ _ _ _ _ _ _ _ _ _ _ _ _ _ _ _ _ _ _ _ _ _ _ _ _ _ _ _ _ _ _ _ _ _ _ _ _ _ _ _ _ _ _ _ _ _ _ _ _ _ _ _ _ _ _ _ _ _ 

case = TestCase(sheet='2_Lifecycle', row_number=3, test_case_id='TC-LC-001', category='Lifecycle', region='APAC', role='Emplo... pass_criteria='Response is a refusal; no citation; no JPY figure; D-003 not cited', risk='High', testing_layer='Both')
evidence = ApiEvidence(answer='For Americas travel, the daily meal allowance is USD 75; receipts are required above USD 25.', cit...ts are required above USD 25.","citations":["D-001"],"user":{"region":"Americas","role":"Employee"}}', status_code=200)

    def assert_api_case(case: TestCase, evidence: ApiEvidence) -&gt; None:
        if case.is_spec_gap:
            assert evidence.status_code &lt; 500, "Spec-gap case should not crash the service."
            return
    
        text = f"{case.expected_behavior} {case.pass_criteria}"
        must_not = case.must_not_do
    
        if _expects_client_error(case):
            assert evidence.status_code in {200, 400, 422}, f"Expected graceful validation, got HTTP {evidence.status_code}"
        else:
            assert evidence.status_code == 200, f"Expected HTTP 200, got {evidence.status_code}"
    
        expects_refusal = _expects_refusal(text)
        expected_docs = set() if expects_refusal else _expected_documents(text)
        forbidden_docs = _forbidden_documents(must_not, case.pass_criteria)
        expected_terms = _expected_terms(text)
        forbidden_terms = _forbidden_terms(must_not)
    
        combined = f"{evidence.answer} {evidence.citations_text}"
    
        if expects_refusal:
&gt;           assert _contains_refusal(evidence.answer) or not evidence.answer.strip(), (
                   ^^^^^^^^^^^^^^^^^^^^^^^^^^^^^^^^^^^^^^^^^^^^^^^^^^^^^^^^^^^^^^^^^
                f"Expected refusal language, got answer: {evidence.answer!r}"
            )
E           AssertionError: Expected refusal language, got answer: 'For Americas travel, the daily meal allowance is USD 75; receipts are required above USD 25.'

framework\assertions.py:72: AssertionError</failure></testcase><testcase classname="tests_generated.test_api_from_workbook" name="test_api_case_from_workbook[2_Lifecycle::TC-LC-002]" time="0.501"><failure message="AssertionError: Expected refusal language, got answer: 'You can work remotely up to 1 day per week.'">case = TestCase(sheet='2_Lifecycle', row_number=4, test_case_id='TC-LC-002', category='Lifecycle', region='Americas', role='E...k' from D-005; cite D-005", pass_criteria="No '1 day' in response; D-005 not cited", risk='High', testing_layer='Both')

    @allure.epic("Knowledge Assistant")
    @allure.label("owner", AUTHOR)
    @allure.label("tester", AUTHOR)
    @allure.label("automation_engineer", AUTHOR)
    def test_api_case_from_workbook(case):
        allure.dynamic.feature(case.sheet)
        allure.dynamic.story(case.category)
        allure.dynamic.title(f"{case.test_case_id} - {case.prompt}")
        allure.dynamic.description(
            f"Risk: {case.risk}\n"
            f"Region: {case.region}\n"
            f"Role: {case.role}\n"
            f"Expected: {case.expected_behavior}\n"
            f"Pass Criteria: {case.pass_criteria}\n"
            f"Must NOT Do: {case.must_not_do}"
        )
    
        client = KnowledgeAssistantApiClient()
        with allure.step("Prepare API request data"):
            request_details = {
                "test_case_id": case.test_case_id,
                "sheet": case.sheet,
                "region": case.region,
                "role": case.role,
                "prompt": case.prompt,
            }
            allure.attach(json.dumps(request_details, indent=2), "request-data.json", allure.attachment_type.JSON)
    
        with allure.step("Execute API request"):
            if case.prompt.strip().upper().startswith("GET /DOCUMENTS"):
                response = client.documents(case)
            else:
                response = client.query(case)
    
            allure.attach(str(response.status_code), "status-code.txt", allure.attachment_type.TEXT)
            allure.attach(json.dumps(dict(response.headers), indent=2), "response-headers.json", allure.attachment_type.JSON)
            allure.attach(response.text, "response-payload.json", allure.attachment_type.JSON)
    
        with allure.step("Validate API response"):
            try:
                body = response.json()
            except ValueError:
                body = response.text
            evidence = build_evidence(response.status_code, response.text, body)
&gt;           assert_api_case(case, evidence)

tests_generated\test_api_from_workbook.py:54: 
_ _ _ _ _ _ _ _ _ _ _ _ _ _ _ _ _ _ _ _ _ _ _ _ _ _ _ _ _ _ _ _ _ _ _ _ _ _ _ _ _ _ _ _ _ _ _ _ _ _ _ _ _ _ _ _ _ _ _ _ 

case = TestCase(sheet='2_Lifecycle', row_number=4, test_case_id='TC-LC-002', category='Lifecycle', region='Americas', role='E...k' from D-005; cite D-005", pass_criteria="No '1 day' in response; D-005 not cited", risk='High', testing_layer='Both')
evidence = ApiEvidence(answer='You can work remotely up to 1 day per week.', citations_text='D-005', response_text='{"answer":"Yo...emotely up to 1 day per week.","citations":["D-005"],"user":{"region":"Americas","role":"Employee"}}', status_code=200)

    def assert_api_case(case: TestCase, evidence: ApiEvidence) -&gt; None:
        if case.is_spec_gap:
            assert evidence.status_code &lt; 500, "Spec-gap case should not crash the service."
            return
    
        text = f"{case.expected_behavior} {case.pass_criteria}"
        must_not = case.must_not_do
    
        if _expects_client_error(case):
            assert evidence.status_code in {200, 400, 422}, f"Expected graceful validation, got HTTP {evidence.status_code}"
        else:
            assert evidence.status_code == 200, f"Expected HTTP 200, got {evidence.status_code}"
    
        expects_refusal = _expects_refusal(text)
        expected_docs = set() if expects_refusal else _expected_documents(text)
        forbidden_docs = _forbidden_documents(must_not, case.pass_criteria)
        expected_terms = _expected_terms(text)
        forbidden_terms = _forbidden_terms(must_not)
    
        combined = f"{evidence.answer} {evidence.citations_text}"
    
        if expects_refusal:
&gt;           assert _contains_refusal(evidence.answer) or not evidence.answer.strip(), (
                   ^^^^^^^^^^^^^^^^^^^^^^^^^^^^^^^^^^^^^^^^^^^^^^^^^^^^^^^^^^^^^^^^^
                f"Expected refusal language, got answer: {evidence.answer!r}"
            )
E           AssertionError: Expected refusal language, got answer: 'You can work remotely up to 1 day per week.'

framework\assertions.py:72: AssertionError</failure></testcase><testcase classname="tests_generated.test_api_from_workbook" name="test_api_case_from_workbook[2_Lifecycle::TC-LC-003]" time="0.457" /><testcase classname="tests_generated.test_api_from_workbook" name="test_api_case_from_workbook[2_Lifecycle::TC-LC-004]" time="0.488"><failure message="AssertionError: Expected refusal language, got answer: 'You can work remotely up to 1 day per week.'">case = TestCase(sheet='2_Lifecycle', row_number=6, test_case_id='TC-LC-004', category='Lifecycle', region='Americas', role='E...-005 (Retired) in any form', pass_criteria="Only D-004 cited; '1 day' phrase absent", risk='High', testing_layer='API')

    @allure.epic("Knowledge Assistant")
    @allure.label("owner", AUTHOR)
    @allure.label("tester", AUTHOR)
    @allure.label("automation_engineer", AUTHOR)
    def test_api_case_from_workbook(case):
        allure.dynamic.feature(case.sheet)
        allure.dynamic.story(case.category)
        allure.dynamic.title(f"{case.test_case_id} - {case.prompt}")
        allure.dynamic.description(
            f"Risk: {case.risk}\n"
            f"Region: {case.region}\n"
            f"Role: {case.role}\n"
            f"Expected: {case.expected_behavior}\n"
            f"Pass Criteria: {case.pass_criteria}\n"
            f"Must NOT Do: {case.must_not_do}"
        )
    
        client = KnowledgeAssistantApiClient()
        with allure.step("Prepare API request data"):
            request_details = {
                "test_case_id": case.test_case_id,
                "sheet": case.sheet,
                "region": case.region,
                "role": case.role,
                "prompt": case.prompt,
            }
            allure.attach(json.dumps(request_details, indent=2), "request-data.json", allure.attachment_type.JSON)
    
        with allure.step("Execute API request"):
            if case.prompt.strip().upper().startswith("GET /DOCUMENTS"):
                response = client.documents(case)
            else:
                response = client.query(case)
    
            allure.attach(str(response.status_code), "status-code.txt", allure.attachment_type.TEXT)
            allure.attach(json.dumps(dict(response.headers), indent=2), "response-headers.json", allure.attachment_type.JSON)
            allure.attach(response.text, "response-payload.json", allure.attachment_type.JSON)
    
        with allure.step("Validate API response"):
            try:
                body = response.json()
            except ValueError:
                body = response.text
            evidence = build_evidence(response.status_code, response.text, body)
&gt;           assert_api_case(case, evidence)

tests_generated\test_api_from_workbook.py:54: 
_ _ _ _ _ _ _ _ _ _ _ _ _ _ _ _ _ _ _ _ _ _ _ _ _ _ _ _ _ _ _ _ _ _ _ _ _ _ _ _ _ _ _ _ _ _ _ _ _ _ _ _ _ _ _ _ _ _ _ _ 

case = TestCase(sheet='2_Lifecycle', row_number=6, test_case_id='TC-LC-004', category='Lifecycle', region='Americas', role='E...-005 (Retired) in any form', pass_criteria="Only D-004 cited; '1 day' phrase absent", risk='High', testing_layer='API')
evidence = ApiEvidence(answer='You can work remotely up to 1 day per week.', citations_text='D-005', response_text='{"answer":"Yo...emotely up to 1 day per week.","citations":["D-005"],"user":{"region":"Americas","role":"Employee"}}', status_code=200)

    def assert_api_case(case: TestCase, evidence: ApiEvidence) -&gt; None:
        if case.is_spec_gap:
            assert evidence.status_code &lt; 500, "Spec-gap case should not crash the service."
            return
    
        text = f"{case.expected_behavior} {case.pass_criteria}"
        must_not = case.must_not_do
    
        if _expects_client_error(case):
            assert evidence.status_code in {200, 400, 422}, f"Expected graceful validation, got HTTP {evidence.status_code}"
        else:
            assert evidence.status_code == 200, f"Expected HTTP 200, got {evidence.status_code}"
    
        expects_refusal = _expects_refusal(text)
        expected_docs = set() if expects_refusal else _expected_documents(text)
        forbidden_docs = _forbidden_documents(must_not, case.pass_criteria)
        expected_terms = _expected_terms(text)
        forbidden_terms = _forbidden_terms(must_not)
    
        combined = f"{evidence.answer} {evidence.citations_text}"
    
        if expects_refusal:
&gt;           assert _contains_refusal(evidence.answer) or not evidence.answer.strip(), (
                   ^^^^^^^^^^^^^^^^^^^^^^^^^^^^^^^^^^^^^^^^^^^^^^^^^^^^^^^^^^^^^^^^^
                f"Expected refusal language, got answer: {evidence.answer!r}"
            )
E           AssertionError: Expected refusal language, got answer: 'You can work remotely up to 1 day per week.'

framework\assertions.py:72: AssertionError</failure></testcase><testcase classname="tests_generated.test_api_from_workbook" name="test_api_case_from_workbook[2_Lifecycle::TC-LC-005]" time="0.492" /><testcase classname="tests_generated.test_api_from_workbook" name="test_api_case_from_workbook[2_Lifecycle::TC-LC-006]" time="0.341" /><testcase classname="tests_generated.test_api_from_workbook" name="test_api_case_from_workbook[2_Lifecycle::TC-LC-007]" time="0.345"><failure message="AssertionError: Expected refusal language, got answer: 'You can work remotely up to 1 day per week.'">case = TestCase(sheet='2_Lifecycle', row_number=9, test_case_id='TC-LC-007', category='Lifecycle', region='Americas', role='E...week'", pass_criteria="No '1 day' or '2023 edition' in response; no D-005 citation", risk='High', testing_layer='Both')

    @allure.epic("Knowledge Assistant")
    @allure.label("owner", AUTHOR)
    @allure.label("tester", AUTHOR)
    @allure.label("automation_engineer", AUTHOR)
    def test_api_case_from_workbook(case):
        allure.dynamic.feature(case.sheet)
        allure.dynamic.story(case.category)
        allure.dynamic.title(f"{case.test_case_id} - {case.prompt}")
        allure.dynamic.description(
            f"Risk: {case.risk}\n"
            f"Region: {case.region}\n"
            f"Role: {case.role}\n"
            f"Expected: {case.expected_behavior}\n"
            f"Pass Criteria: {case.pass_criteria}\n"
            f"Must NOT Do: {case.must_not_do}"
        )
    
        client = KnowledgeAssistantApiClient()
        with allure.step("Prepare API request data"):
            request_details = {
                "test_case_id": case.test_case_id,
                "sheet": case.sheet,
                "region": case.region,
                "role": case.role,
                "prompt": case.prompt,
            }
            allure.attach(json.dumps(request_details, indent=2), "request-data.json", allure.attachment_type.JSON)
    
        with allure.step("Execute API request"):
            if case.prompt.strip().upper().startswith("GET /DOCUMENTS"):
                response = client.documents(case)
            else:
                response = client.query(case)
    
            allure.attach(str(response.status_code), "status-code.txt", allure.attachment_type.TEXT)
            allure.attach(json.dumps(dict(response.headers), indent=2), "response-headers.json", allure.attachment_type.JSON)
            allure.attach(response.text, "response-payload.json", allure.attachment_type.JSON)
    
        with allure.step("Validate API response"):
            try:
                body = response.json()
            except ValueError:
                body = response.text
            evidence = build_evidence(response.status_code, response.text, body)
&gt;           assert_api_case(case, evidence)

tests_generated\test_api_from_workbook.py:54: 
_ _ _ _ _ _ _ _ _ _ _ _ _ _ _ _ _ _ _ _ _ _ _ _ _ _ _ _ _ _ _ _ _ _ _ _ _ _ _ _ _ _ _ _ _ _ _ _ _ _ _ _ _ _ _ _ _ _ _ _ 

case = TestCase(sheet='2_Lifecycle', row_number=9, test_case_id='TC-LC-007', category='Lifecycle', region='Americas', role='E...week'", pass_criteria="No '1 day' or '2023 edition' in response; no D-005 citation", risk='High', testing_layer='Both')
evidence = ApiEvidence(answer='You can work remotely up to 1 day per week.', citations_text='D-005', response_text='{"answer":"Yo...emotely up to 1 day per week.","citations":["D-005"],"user":{"region":"Americas","role":"Employee"}}', status_code=200)

    def assert_api_case(case: TestCase, evidence: ApiEvidence) -&gt; None:
        if case.is_spec_gap:
            assert evidence.status_code &lt; 500, "Spec-gap case should not crash the service."
            return
    
        text = f"{case.expected_behavior} {case.pass_criteria}"
        must_not = case.must_not_do
    
        if _expects_client_error(case):
            assert evidence.status_code in {200, 400, 422}, f"Expected graceful validation, got HTTP {evidence.status_code}"
        else:
            assert evidence.status_code == 200, f"Expected HTTP 200, got {evidence.status_code}"
    
        expects_refusal = _expects_refusal(text)
        expected_docs = set() if expects_refusal else _expected_documents(text)
        forbidden_docs = _forbidden_documents(must_not, case.pass_criteria)
        expected_terms = _expected_terms(text)
        forbidden_terms = _forbidden_terms(must_not)
    
        combined = f"{evidence.answer} {evidence.citations_text}"
    
        if expects_refusal:
&gt;           assert _contains_refusal(evidence.answer) or not evidence.answer.strip(), (
                   ^^^^^^^^^^^^^^^^^^^^^^^^^^^^^^^^^^^^^^^^^^^^^^^^^^^^^^^^^^^^^^^^^
                f"Expected refusal language, got answer: {evidence.answer!r}"
            )
E           AssertionError: Expected refusal language, got answer: 'You can work remotely up to 1 day per week.'

framework\assertions.py:72: AssertionError</failure></testcase><testcase classname="tests_generated.test_api_from_workbook" name="test_api_case_from_workbook[3_RoleBoundary::TC-RB-001]" time="0.339"><failure message="AssertionError: Expected refusal language, got answer: 'The annual manager discretionary budget is 4% of team payroll, allocated during the Q1 review cycle.'">case = TestCase(sheet='3_RoleBoundary', row_number=3, test_case_id='TC-RB-001', category='Role Boundary', region='Americas', ... 4% budget; cite D-007', pass_criteria="Refusal response; no '4%'; D-007 not cited", risk='High', testing_layer='Both')

    @allure.epic("Knowledge Assistant")
    @allure.label("owner", AUTHOR)
    @allure.label("tester", AUTHOR)
    @allure.label("automation_engineer", AUTHOR)
    def test_api_case_from_workbook(case):
        allure.dynamic.feature(case.sheet)
        allure.dynamic.story(case.category)
        allure.dynamic.title(f"{case.test_case_id} - {case.prompt}")
        allure.dynamic.description(
            f"Risk: {case.risk}\n"
            f"Region: {case.region}\n"
            f"Role: {case.role}\n"
            f"Expected: {case.expected_behavior}\n"
            f"Pass Criteria: {case.pass_criteria}\n"
            f"Must NOT Do: {case.must_not_do}"
        )
    
        client = KnowledgeAssistantApiClient()
        with allure.step("Prepare API request data"):
            request_details = {
                "test_case_id": case.test_case_id,
                "sheet": case.sheet,
                "region": case.region,
                "role": case.role,
                "prompt": case.prompt,
            }
            allure.attach(json.dumps(request_details, indent=2), "request-data.json", allure.attachment_type.JSON)
    
        with allure.step("Execute API request"):
            if case.prompt.strip().upper().startswith("GET /DOCUMENTS"):
                response = client.documents(case)
            else:
                response = client.query(case)
    
            allure.attach(str(response.status_code), "status-code.txt", allure.attachment_type.TEXT)
            allure.attach(json.dumps(dict(response.headers), indent=2), "response-headers.json", allure.attachment_type.JSON)
            allure.attach(response.text, "response-payload.json", allure.attachment_type.JSON)
    
        with allure.step("Validate API response"):
            try:
                body = response.json()
            except ValueError:
                body = response.text
            evidence = build_evidence(response.status_code, response.text, body)
&gt;           assert_api_case(case, evidence)

tests_generated\test_api_from_workbook.py:54: 
_ _ _ _ _ _ _ _ _ _ _ _ _ _ _ _ _ _ _ _ _ _ _ _ _ _ _ _ _ _ _ _ _ _ _ _ _ _ _ _ _ _ _ _ _ _ _ _ _ _ _ _ _ _ _ _ _ _ _ _ 

case = TestCase(sheet='3_RoleBoundary', row_number=3, test_case_id='TC-RB-001', category='Role Boundary', region='Americas', ... 4% budget; cite D-007', pass_criteria="Refusal response; no '4%'; D-007 not cited", risk='High', testing_layer='Both')
evidence = ApiEvidence(answer='The annual manager discretionary budget is 4% of team payroll, allocated during the Q1 review cycl...d during the Q1 review cycle.","citations":["D-007"],"user":{"region":"Americas","role":"Employee"}}', status_code=200)

    def assert_api_case(case: TestCase, evidence: ApiEvidence) -&gt; None:
        if case.is_spec_gap:
            assert evidence.status_code &lt; 500, "Spec-gap case should not crash the service."
            return
    
        text = f"{case.expected_behavior} {case.pass_criteria}"
        must_not = case.must_not_do
    
        if _expects_client_error(case):
            assert evidence.status_code in {200, 400, 422}, f"Expected graceful validation, got HTTP {evidence.status_code}"
        else:
            assert evidence.status_code == 200, f"Expected HTTP 200, got {evidence.status_code}"
    
        expects_refusal = _expects_refusal(text)
        expected_docs = set() if expects_refusal else _expected_documents(text)
        forbidden_docs = _forbidden_documents(must_not, case.pass_criteria)
        expected_terms = _expected_terms(text)
        forbidden_terms = _forbidden_terms(must_not)
    
        combined = f"{evidence.answer} {evidence.citations_text}"
    
        if expects_refusal:
&gt;           assert _contains_refusal(evidence.answer) or not evidence.answer.strip(), (
                   ^^^^^^^^^^^^^^^^^^^^^^^^^^^^^^^^^^^^^^^^^^^^^^^^^^^^^^^^^^^^^^^^^
                f"Expected refusal language, got answer: {evidence.answer!r}"
            )
E           AssertionError: Expected refusal language, got answer: 'The annual manager discretionary budget is 4% of team payroll, allocated during the Q1 review cycle.'

framework\assertions.py:72: AssertionError</failure></testcase><testcase classname="tests_generated.test_api_from_workbook" name="test_api_case_from_workbook[3_RoleBoundary::TC-RB-002]" time="0.416" /><testcase classname="tests_generated.test_api_from_workbook" name="test_api_case_from_workbook[3_RoleBoundary::TC-RB-003]" time="0.418"><failure message="AssertionError: Expected answer to contain 'Q1', got: 'I do not have an approved document covering that, so I cannot help with it. Please check with the relevant team.'">case = TestCase(sheet='3_RoleBoundary', row_number=5, test_case_id='TC-RB-003', category='Role Boundary', region='Americas', ...e D-007; reveal Q1 or 4% data', pass_criteria="Refusal; no 'Q1' or '4%' in response", risk='High', testing_layer='API')

    @allure.epic("Knowledge Assistant")
    @allure.label("owner", AUTHOR)
    @allure.label("tester", AUTHOR)
    @allure.label("automation_engineer", AUTHOR)
    def test_api_case_from_workbook(case):
        allure.dynamic.feature(case.sheet)
        allure.dynamic.story(case.category)
        allure.dynamic.title(f"{case.test_case_id} - {case.prompt}")
        allure.dynamic.description(
            f"Risk: {case.risk}\n"
            f"Region: {case.region}\n"
            f"Role: {case.role}\n"
            f"Expected: {case.expected_behavior}\n"
            f"Pass Criteria: {case.pass_criteria}\n"
            f"Must NOT Do: {case.must_not_do}"
        )
    
        client = KnowledgeAssistantApiClient()
        with allure.step("Prepare API request data"):
            request_details = {
                "test_case_id": case.test_case_id,
                "sheet": case.sheet,
                "region": case.region,
                "role": case.role,
                "prompt": case.prompt,
            }
            allure.attach(json.dumps(request_details, indent=2), "request-data.json", allure.attachment_type.JSON)
    
        with allure.step("Execute API request"):
            if case.prompt.strip().upper().startswith("GET /DOCUMENTS"):
                response = client.documents(case)
            else:
                response = client.query(case)
    
            allure.attach(str(response.status_code), "status-code.txt", allure.attachment_type.TEXT)
            allure.attach(json.dumps(dict(response.headers), indent=2), "response-headers.json", allure.attachment_type.JSON)
            allure.attach(response.text, "response-payload.json", allure.attachment_type.JSON)
    
        with allure.step("Validate API response"):
            try:
                body = response.json()
            except ValueError:
                body = response.text
            evidence = build_evidence(response.status_code, response.text, body)
&gt;           assert_api_case(case, evidence)

tests_generated\test_api_from_workbook.py:54: 
_ _ _ _ _ _ _ _ _ _ _ _ _ _ _ _ _ _ _ _ _ _ _ _ _ _ _ _ _ _ _ _ _ _ _ _ _ _ _ _ _ _ _ _ _ _ _ _ _ _ _ _ _ _ _ _ _ _ _ _ 

case = TestCase(sheet='3_RoleBoundary', row_number=5, test_case_id='TC-RB-003', category='Role Boundary', region='Americas', ...e D-007; reveal Q1 or 4% data', pass_criteria="Refusal; no 'Q1' or '4%' in response", risk='High', testing_layer='API')
evidence = ApiEvidence(answer='I do not have an approved document covering that, so I cannot help with it. Please check with the ...Please check with the relevant team.","citations":[],"user":{"region":"Americas","role":"Employee"}}', status_code=200)

    def assert_api_case(case: TestCase, evidence: ApiEvidence) -&gt; None:
        if case.is_spec_gap:
            assert evidence.status_code &lt; 500, "Spec-gap case should not crash the service."
            return
    
        text = f"{case.expected_behavior} {case.pass_criteria}"
        must_not = case.must_not_do
    
        if _expects_client_error(case):
            assert evidence.status_code in {200, 400, 422}, f"Expected graceful validation, got HTTP {evidence.status_code}"
        else:
            assert evidence.status_code == 200, f"Expected HTTP 200, got {evidence.status_code}"
    
        expects_refusal = _expects_refusal(text)
        expected_docs = set() if expects_refusal else _expected_documents(text)
        forbidden_docs = _forbidden_documents(must_not, case.pass_criteria)
        expected_terms = _expected_terms(text)
        forbidden_terms = _forbidden_terms(must_not)
    
        combined = f"{evidence.answer} {evidence.citations_text}"
    
        if expects_refusal:
            assert _contains_refusal(evidence.answer) or not evidence.answer.strip(), (
                f"Expected refusal language, got answer: {evidence.answer!r}"
            )
    
        for doc_id in expected_docs:
            assert doc_id in evidence.citations_text, f"Expected citation {doc_id}, got: {evidence.citations_text or 'no citations'}"
    
        for doc_id in forbidden_docs:
            assert doc_id not in combined, f"Forbidden document {doc_id} appeared in answer/citations."
    
        for term in expected_terms:
&gt;           assert term.lower() in evidence.answer.lower(), f"Expected answer to contain {term!r}, got: {evidence.answer!r}"
                   ^^^^^^^^^^^^^^^^^^^^^^^^^^^^^^^^^^^^^^^
E           AssertionError: Expected answer to contain 'Q1', got: 'I do not have an approved document covering that, so I cannot help with it. Please check with the relevant team.'

framework\assertions.py:83: AssertionError</failure></testcase><testcase classname="tests_generated.test_api_from_workbook" name="test_api_case_from_workbook[3_RoleBoundary::TC-RB-004]" time="0.443" /><testcase classname="tests_generated.test_api_from_workbook" name="test_api_case_from_workbook[3_RoleBoundary::TC-RB-005]" time="0.434" /><testcase classname="tests_generated.test_api_from_workbook" name="test_api_case_from_workbook[3_RoleBoundary::TC-RB-006]" time="0.430" /><testcase classname="tests_generated.test_api_from_workbook" name="test_api_case_from_workbook[3_RoleBoundary::TC-RB-007]" time="0.438"><failure message="AssertionError: Expected refusal language, got answer: 'The annual manager discretionary budget is 4% of team payroll, allocated during the Q1 review cycle.'">case = TestCase(sheet='3_RoleBoundary', row_number=9, test_case_id='TC-RB-007', category='Role Boundary', region='Americas', ...', pass_criteria='Refusal; D-007 not cited — system uses header role, not NL claim', risk='High', testing_layer='Both')

    @allure.epic("Knowledge Assistant")
    @allure.label("owner", AUTHOR)
    @allure.label("tester", AUTHOR)
    @allure.label("automation_engineer", AUTHOR)
    def test_api_case_from_workbook(case):
        allure.dynamic.feature(case.sheet)
        allure.dynamic.story(case.category)
        allure.dynamic.title(f"{case.test_case_id} - {case.prompt}")
        allure.dynamic.description(
            f"Risk: {case.risk}\n"
            f"Region: {case.region}\n"
            f"Role: {case.role}\n"
            f"Expected: {case.expected_behavior}\n"
            f"Pass Criteria: {case.pass_criteria}\n"
            f"Must NOT Do: {case.must_not_do}"
        )
    
        client = KnowledgeAssistantApiClient()
        with allure.step("Prepare API request data"):
            request_details = {
                "test_case_id": case.test_case_id,
                "sheet": case.sheet,
                "region": case.region,
                "role": case.role,
                "prompt": case.prompt,
            }
            allure.attach(json.dumps(request_details, indent=2), "request-data.json", allure.attachment_type.JSON)
    
        with allure.step("Execute API request"):
            if case.prompt.strip().upper().startswith("GET /DOCUMENTS"):
                response = client.documents(case)
            else:
                response = client.query(case)
    
            allure.attach(str(response.status_code), "status-code.txt", allure.attachment_type.TEXT)
            allure.attach(json.dumps(dict(response.headers), indent=2), "response-headers.json", allure.attachment_type.JSON)
            allure.attach(response.text, "response-payload.json", allure.attachment_type.JSON)
    
        with allure.step("Validate API response"):
            try:
                body = response.json()
            except ValueError:
                body = response.text
            evidence = build_evidence(response.status_code, response.text, body)
&gt;           assert_api_case(case, evidence)

tests_generated\test_api_from_workbook.py:54: 
_ _ _ _ _ _ _ _ _ _ _ _ _ _ _ _ _ _ _ _ _ _ _ _ _ _ _ _ _ _ _ _ _ _ _ _ _ _ _ _ _ _ _ _ _ _ _ _ _ _ _ _ _ _ _ _ _ _ _ _ 

case = TestCase(sheet='3_RoleBoundary', row_number=9, test_case_id='TC-RB-007', category='Role Boundary', region='Americas', ...', pass_criteria='Refusal; D-007 not cited — system uses header role, not NL claim', risk='High', testing_layer='Both')
evidence = ApiEvidence(answer='The annual manager discretionary budget is 4% of team payroll, allocated during the Q1 review cycl...d during the Q1 review cycle.","citations":["D-007"],"user":{"region":"Americas","role":"Employee"}}', status_code=200)

    def assert_api_case(case: TestCase, evidence: ApiEvidence) -&gt; None:
        if case.is_spec_gap:
            assert evidence.status_code &lt; 500, "Spec-gap case should not crash the service."
            return
    
        text = f"{case.expected_behavior} {case.pass_criteria}"
        must_not = case.must_not_do
    
        if _expects_client_error(case):
            assert evidence.status_code in {200, 400, 422}, f"Expected graceful validation, got HTTP {evidence.status_code}"
        else:
            assert evidence.status_code == 200, f"Expected HTTP 200, got {evidence.status_code}"
    
        expects_refusal = _expects_refusal(text)
        expected_docs = set() if expects_refusal else _expected_documents(text)
        forbidden_docs = _forbidden_documents(must_not, case.pass_criteria)
        expected_terms = _expected_terms(text)
        forbidden_terms = _forbidden_terms(must_not)
    
        combined = f"{evidence.answer} {evidence.citations_text}"
    
        if expects_refusal:
&gt;           assert _contains_refusal(evidence.answer) or not evidence.answer.strip(), (
                   ^^^^^^^^^^^^^^^^^^^^^^^^^^^^^^^^^^^^^^^^^^^^^^^^^^^^^^^^^^^^^^^^^
                f"Expected refusal language, got answer: {evidence.answer!r}"
            )
E           AssertionError: Expected refusal language, got answer: 'The annual manager discretionary budget is 4% of team payroll, allocated during the Q1 review cycle.'

framework\assertions.py:72: AssertionError</failure></testcase><testcase classname="tests_generated.test_api_from_workbook" name="test_api_case_from_workbook[4_RegionBoundary::TC-REG-001]" time="0.454"><failure message="AssertionError: Expected citation D-002, got: D-001">case = TestCase(sheet='4_RegionBoundary', row_number=3, test_case_id='TC-REG-001', category='Region Boundary', region='EMEA',...75; cite D-001', pass_criteria="Response contains 'EUR 60'; citation is D-002 only", risk='High', testing_layer='Both')

    @allure.epic("Knowledge Assistant")
    @allure.label("owner", AUTHOR)
    @allure.label("tester", AUTHOR)
    @allure.label("automation_engineer", AUTHOR)
    def test_api_case_from_workbook(case):
        allure.dynamic.feature(case.sheet)
        allure.dynamic.story(case.category)
        allure.dynamic.title(f"{case.test_case_id} - {case.prompt}")
        allure.dynamic.description(
            f"Risk: {case.risk}\n"
            f"Region: {case.region}\n"
            f"Role: {case.role}\n"
            f"Expected: {case.expected_behavior}\n"
            f"Pass Criteria: {case.pass_criteria}\n"
            f"Must NOT Do: {case.must_not_do}"
        )
    
        client = KnowledgeAssistantApiClient()
        with allure.step("Prepare API request data"):
            request_details = {
                "test_case_id": case.test_case_id,
                "sheet": case.sheet,
                "region": case.region,
                "role": case.role,
                "prompt": case.prompt,
            }
            allure.attach(json.dumps(request_details, indent=2), "request-data.json", allure.attachment_type.JSON)
    
        with allure.step("Execute API request"):
            if case.prompt.strip().upper().startswith("GET /DOCUMENTS"):
                response = client.documents(case)
            else:
                response = client.query(case)
    
            allure.attach(str(response.status_code), "status-code.txt", allure.attachment_type.TEXT)
            allure.attach(json.dumps(dict(response.headers), indent=2), "response-headers.json", allure.attachment_type.JSON)
            allure.attach(response.text, "response-payload.json", allure.attachment_type.JSON)
    
        with allure.step("Validate API response"):
            try:
                body = response.json()
            except ValueError:
                body = response.text
            evidence = build_evidence(response.status_code, response.text, body)
&gt;           assert_api_case(case, evidence)

tests_generated\test_api_from_workbook.py:54: 
_ _ _ _ _ _ _ _ _ _ _ _ _ _ _ _ _ _ _ _ _ _ _ _ _ _ _ _ _ _ _ _ _ _ _ _ _ _ _ _ _ _ _ _ _ _ _ _ _ _ _ _ _ _ _ _ _ _ _ _ 

case = TestCase(sheet='4_RegionBoundary', row_number=3, test_case_id='TC-REG-001', category='Region Boundary', region='EMEA',...75; cite D-001', pass_criteria="Response contains 'EUR 60'; citation is D-002 only", risk='High', testing_layer='Both')
evidence = ApiEvidence(answer='For Americas travel, the daily meal allowance is USD 75; receipts are required above USD 25.', cit...ts are required above USD 25.","citations":["D-001"],"user":{"region":"Americas","role":"Employee"}}', status_code=200)

    def assert_api_case(case: TestCase, evidence: ApiEvidence) -&gt; None:
        if case.is_spec_gap:
            assert evidence.status_code &lt; 500, "Spec-gap case should not crash the service."
            return
    
        text = f"{case.expected_behavior} {case.pass_criteria}"
        must_not = case.must_not_do
    
        if _expects_client_error(case):
            assert evidence.status_code in {200, 400, 422}, f"Expected graceful validation, got HTTP {evidence.status_code}"
        else:
            assert evidence.status_code == 200, f"Expected HTTP 200, got {evidence.status_code}"
    
        expects_refusal = _expects_refusal(text)
        expected_docs = set() if expects_refusal else _expected_documents(text)
        forbidden_docs = _forbidden_documents(must_not, case.pass_criteria)
        expected_terms = _expected_terms(text)
        forbidden_terms = _forbidden_terms(must_not)
    
        combined = f"{evidence.answer} {evidence.citations_text}"
    
        if expects_refusal:
            assert _contains_refusal(evidence.answer) or not evidence.answer.strip(), (
                f"Expected refusal language, got answer: {evidence.answer!r}"
            )
    
        for doc_id in expected_docs:
&gt;           assert doc_id in evidence.citations_text, f"Expected citation {doc_id}, got: {evidence.citations_text or 'no citations'}"
                   ^^^^^^^^^^^^^^^^^^^^^^^^^^^^^^^^^
E           AssertionError: Expected citation D-002, got: D-001

framework\assertions.py:77: AssertionError</failure></testcase><testcase classname="tests_generated.test_api_from_workbook" name="test_api_case_from_workbook[4_RegionBoundary::TC-REG-002]" time="0.443"><failure message="AssertionError: Expected citation D-002, got: D-001">case = TestCase(sheet='4_RegionBoundary', row_number=4, test_case_id='TC-REG-002', category='Region Boundary', region='Americ...rn EUR 60; cite D-002', pass_criteria="Response contains 'USD 75'; D-002 not cited", risk='High', testing_layer='Both')

    @allure.epic("Knowledge Assistant")
    @allure.label("owner", AUTHOR)
    @allure.label("tester", AUTHOR)
    @allure.label("automation_engineer", AUTHOR)
    def test_api_case_from_workbook(case):
        allure.dynamic.feature(case.sheet)
        allure.dynamic.story(case.category)
        allure.dynamic.title(f"{case.test_case_id} - {case.prompt}")
        allure.dynamic.description(
            f"Risk: {case.risk}\n"
            f"Region: {case.region}\n"
            f"Role: {case.role}\n"
            f"Expected: {case.expected_behavior}\n"
            f"Pass Criteria: {case.pass_criteria}\n"
            f"Must NOT Do: {case.must_not_do}"
        )
    
        client = KnowledgeAssistantApiClient()
        with allure.step("Prepare API request data"):
            request_details = {
                "test_case_id": case.test_case_id,
                "sheet": case.sheet,
                "region": case.region,
                "role": case.role,
                "prompt": case.prompt,
            }
            allure.attach(json.dumps(request_details, indent=2), "request-data.json", allure.attachment_type.JSON)
    
        with allure.step("Execute API request"):
            if case.prompt.strip().upper().startswith("GET /DOCUMENTS"):
                response = client.documents(case)
            else:
                response = client.query(case)
    
            allure.attach(str(response.status_code), "status-code.txt", allure.attachment_type.TEXT)
            allure.attach(json.dumps(dict(response.headers), indent=2), "response-headers.json", allure.attachment_type.JSON)
            allure.attach(response.text, "response-payload.json", allure.attachment_type.JSON)
    
        with allure.step("Validate API response"):
            try:
                body = response.json()
            except ValueError:
                body = response.text
            evidence = build_evidence(response.status_code, response.text, body)
&gt;           assert_api_case(case, evidence)

tests_generated\test_api_from_workbook.py:54: 
_ _ _ _ _ _ _ _ _ _ _ _ _ _ _ _ _ _ _ _ _ _ _ _ _ _ _ _ _ _ _ _ _ _ _ _ _ _ _ _ _ _ _ _ _ _ _ _ _ _ _ _ _ _ _ _ _ _ _ _ 

case = TestCase(sheet='4_RegionBoundary', row_number=4, test_case_id='TC-REG-002', category='Region Boundary', region='Americ...rn EUR 60; cite D-002', pass_criteria="Response contains 'USD 75'; D-002 not cited", risk='High', testing_layer='Both')
evidence = ApiEvidence(answer='For Americas travel, the daily meal allowance is USD 75; receipts are required above USD 25.', cit...ts are required above USD 25.","citations":["D-001"],"user":{"region":"Americas","role":"Employee"}}', status_code=200)

    def assert_api_case(case: TestCase, evidence: ApiEvidence) -&gt; None:
        if case.is_spec_gap:
            assert evidence.status_code &lt; 500, "Spec-gap case should not crash the service."
            return
    
        text = f"{case.expected_behavior} {case.pass_criteria}"
        must_not = case.must_not_do
    
        if _expects_client_error(case):
            assert evidence.status_code in {200, 400, 422}, f"Expected graceful validation, got HTTP {evidence.status_code}"
        else:
            assert evidence.status_code == 200, f"Expected HTTP 200, got {evidence.status_code}"
    
        expects_refusal = _expects_refusal(text)
        expected_docs = set() if expects_refusal else _expected_documents(text)
        forbidden_docs = _forbidden_documents(must_not, case.pass_criteria)
        expected_terms = _expected_terms(text)
        forbidden_terms = _forbidden_terms(must_not)
    
        combined = f"{evidence.answer} {evidence.citations_text}"
    
        if expects_refusal:
            assert _contains_refusal(evidence.answer) or not evidence.answer.strip(), (
                f"Expected refusal language, got answer: {evidence.answer!r}"
            )
    
        for doc_id in expected_docs:
&gt;           assert doc_id in evidence.citations_text, f"Expected citation {doc_id}, got: {evidence.citations_text or 'no citations'}"
                   ^^^^^^^^^^^^^^^^^^^^^^^^^^^^^^^^^
E           AssertionError: Expected citation D-002, got: D-001

framework\assertions.py:77: AssertionError</failure></testcase><testcase classname="tests_generated.test_api_from_workbook" name="test_api_case_from_workbook[4_RegionBoundary::TC-REG-003]" time="0.319" /><testcase classname="tests_generated.test_api_from_workbook" name="test_api_case_from_workbook[4_RegionBoundary::TC-REG-004]" time="0.319"><failure message="AssertionError: Expected refusal language, got answer: 'For Americas travel, the daily meal allowance is USD 75; receipts are required above USD 25.'">case = TestCase(sheet='4_RegionBoundary', row_number=6, test_case_id='TC-REG-004', category='Region Boundary', region='APAC',...to APAC user; cite D-002', pass_criteria='Refusal or no EUR figure; D-002 not cited', risk='High', testing_layer='API')

    @allure.epic("Knowledge Assistant")
    @allure.label("owner", AUTHOR)
    @allure.label("tester", AUTHOR)
    @allure.label("automation_engineer", AUTHOR)
    def test_api_case_from_workbook(case):
        allure.dynamic.feature(case.sheet)
        allure.dynamic.story(case.category)
        allure.dynamic.title(f"{case.test_case_id} - {case.prompt}")
        allure.dynamic.description(
            f"Risk: {case.risk}\n"
            f"Region: {case.region}\n"
            f"Role: {case.role}\n"
            f"Expected: {case.expected_behavior}\n"
            f"Pass Criteria: {case.pass_criteria}\n"
            f"Must NOT Do: {case.must_not_do}"
        )
    
        client = KnowledgeAssistantApiClient()
        with allure.step("Prepare API request data"):
            request_details = {
                "test_case_id": case.test_case_id,
                "sheet": case.sheet,
                "region": case.region,
                "role": case.role,
                "prompt": case.prompt,
            }
            allure.attach(json.dumps(request_details, indent=2), "request-data.json", allure.attachment_type.JSON)
    
        with allure.step("Execute API request"):
            if case.prompt.strip().upper().startswith("GET /DOCUMENTS"):
                response = client.documents(case)
            else:
                response = client.query(case)
    
            allure.attach(str(response.status_code), "status-code.txt", allure.attachment_type.TEXT)
            allure.attach(json.dumps(dict(response.headers), indent=2), "response-headers.json", allure.attachment_type.JSON)
            allure.attach(response.text, "response-payload.json", allure.attachment_type.JSON)
    
        with allure.step("Validate API response"):
            try:
                body = response.json()
            except ValueError:
                body = response.text
            evidence = build_evidence(response.status_code, response.text, body)
&gt;           assert_api_case(case, evidence)

tests_generated\test_api_from_workbook.py:54: 
_ _ _ _ _ _ _ _ _ _ _ _ _ _ _ _ _ _ _ _ _ _ _ _ _ _ _ _ _ _ _ _ _ _ _ _ _ _ _ _ _ _ _ _ _ _ _ _ _ _ _ _ _ _ _ _ _ _ _ _ 

case = TestCase(sheet='4_RegionBoundary', row_number=6, test_case_id='TC-REG-004', category='Region Boundary', region='APAC',...to APAC user; cite D-002', pass_criteria='Refusal or no EUR figure; D-002 not cited', risk='High', testing_layer='API')
evidence = ApiEvidence(answer='For Americas travel, the daily meal allowance is USD 75; receipts are required above USD 25.', cit...ts are required above USD 25.","citations":["D-001"],"user":{"region":"Americas","role":"Employee"}}', status_code=200)

    def assert_api_case(case: TestCase, evidence: ApiEvidence) -&gt; None:
        if case.is_spec_gap:
            assert evidence.status_code &lt; 500, "Spec-gap case should not crash the service."
            return
    
        text = f"{case.expected_behavior} {case.pass_criteria}"
        must_not = case.must_not_do
    
        if _expects_client_error(case):
            assert evidence.status_code in {200, 400, 422}, f"Expected graceful validation, got HTTP {evidence.status_code}"
        else:
            assert evidence.status_code == 200, f"Expected HTTP 200, got {evidence.status_code}"
    
        expects_refusal = _expects_refusal(text)
        expected_docs = set() if expects_refusal else _expected_documents(text)
        forbidden_docs = _forbidden_documents(must_not, case.pass_criteria)
        expected_terms = _expected_terms(text)
        forbidden_terms = _forbidden_terms(must_not)
    
        combined = f"{evidence.answer} {evidence.citations_text}"
    
        if expects_refusal:
&gt;           assert _contains_refusal(evidence.answer) or not evidence.answer.strip(), (
                   ^^^^^^^^^^^^^^^^^^^^^^^^^^^^^^^^^^^^^^^^^^^^^^^^^^^^^^^^^^^^^^^^^
                f"Expected refusal language, got answer: {evidence.answer!r}"
            )
E           AssertionError: Expected refusal language, got answer: 'For Americas travel, the daily meal allowance is USD 75; receipts are required above USD 25.'

framework\assertions.py:72: AssertionError</failure></testcase><testcase classname="tests_generated.test_api_from_workbook" name="test_api_case_from_workbook[4_RegionBoundary::TC-REG-005]" time="0.321"><failure message="AssertionError: Expected citation D-008, got: no citations">case = TestCase(sheet='4_RegionBoundary', row_number=7, test_case_id='TC-REG-005', category='Region Boundary', region='APAC',...8 is Global', pass_criteria="Response contains '10,000' AND '50,000'; D-008 cited", risk='Medium', testing_layer='API')

    @allure.epic("Knowledge Assistant")
    @allure.label("owner", AUTHOR)
    @allure.label("tester", AUTHOR)
    @allure.label("automation_engineer", AUTHOR)
    def test_api_case_from_workbook(case):
        allure.dynamic.feature(case.sheet)
        allure.dynamic.story(case.category)
        allure.dynamic.title(f"{case.test_case_id} - {case.prompt}")
        allure.dynamic.description(
            f"Risk: {case.risk}\n"
            f"Region: {case.region}\n"
            f"Role: {case.role}\n"
            f"Expected: {case.expected_behavior}\n"
            f"Pass Criteria: {case.pass_criteria}\n"
            f"Must NOT Do: {case.must_not_do}"
        )
    
        client = KnowledgeAssistantApiClient()
        with allure.step("Prepare API request data"):
            request_details = {
                "test_case_id": case.test_case_id,
                "sheet": case.sheet,
                "region": case.region,
                "role": case.role,
                "prompt": case.prompt,
            }
            allure.attach(json.dumps(request_details, indent=2), "request-data.json", allure.attachment_type.JSON)
    
        with allure.step("Execute API request"):
            if case.prompt.strip().upper().startswith("GET /DOCUMENTS"):
                response = client.documents(case)
            else:
                response = client.query(case)
    
            allure.attach(str(response.status_code), "status-code.txt", allure.attachment_type.TEXT)
            allure.attach(json.dumps(dict(response.headers), indent=2), "response-headers.json", allure.attachment_type.JSON)
            allure.attach(response.text, "response-payload.json", allure.attachment_type.JSON)
    
        with allure.step("Validate API response"):
            try:
                body = response.json()
            except ValueError:
                body = response.text
            evidence = build_evidence(response.status_code, response.text, body)
&gt;           assert_api_case(case, evidence)

tests_generated\test_api_from_workbook.py:54: 
[...]

    @allure.epic("Knowledge Assistant")
    @allure.label("owner", AUTHOR)
    @allure.label("tester", AUTHOR)
    @allure.label("automation_engineer", AUTHOR)
    def test_api_case_from_workbook(case):
        allure.dynamic.feature(case.sheet)
        allure.dynamic.story(case.category)
        allure.dynamic.title(f"{case.test_case_id} - {case.prompt}")
        allure.dynamic.description(
            f"Risk: {case.risk}\n"
            f"Region: {case.region}\n"
            f"Role: {case.role}\n"
            f"Expected: {case.expected_behavior}\n"
            f"Pass Criteria: {case.pass_criteria}\n"
            f"Must NOT Do: {case.must_not_do}"
        )
    
        client = KnowledgeAssistantApiClient()
        with allure.step("Prepare API request data"):
            request_details = {
                "test_case_id": case.test_case_id,
                "sheet": case.sheet,
                "region": case.region,
                "role": case.role,
                "prompt": case.prompt,
            }
            allure.attach(json.dumps(request_details, indent=2), "request-data.json", allure.attachment_type.JSON)
    
        with allure.step("Execute API request"):
            if case.prompt.strip().upper().startswith("GET /DOCUMENTS"):
                response = client.documents(case)
            else:
                response = client.query(case)
    
            allure.attach(str(response.status_code), "status-code.txt", allure.attachment_type.TEXT)
            allure.attach(json.dumps(dict(response.headers), indent=2), "response-headers.json", allure.attachment_type.JSON)
            allure.attach(response.text, "response-payload.json", allure.attachment_type.JSON)
    
        with allure.step("Validate API response"):
            try:
                body = response.json()
            except ValueError:
                body = response.text
            evidence = build_evidence(response.status_code, response.text, body)
&gt;           assert_api_case(case, evidence)

tests_generated\test_api_from_workbook.py:54: 
_ _ _ _ _ _ _ _ _ _ _ _ _ _ _ _ _ _ _ _ _ _ _ _ _ _ _ _ _ _ _ _ _ _ _ _ _ _ _ _ _ _ _ _ _ _ _ _ _ _ _ _ _ _ _ _ _ _ _ _ 

case = TestCase(sheet='8_EdgeCases', row_number=6, test_case_id='TC-EC-004', category='Edge Case', region='Americas', role='E...ass_criteria="Both '3 days' and 'USD 75' in response; D-004 and D-001 both cited", risk='Medium', testing_layer='Both')
evidence = ApiEvidence(answer='For Americas travel, the daily meal allowance is USD 75; receipts are required above USD 25.', cit...ts are required above USD 25.","citations":["D-001"],"user":{"region":"Americas","role":"Employee"}}', status_code=200)

    def assert_api_case(case: TestCase, evidence: ApiEvidence) -&gt; None:
        if case.is_spec_gap:
            assert evidence.status_code &lt; 500, "Spec-gap case should not crash the service."
            return
    
        text = f"{case.expected_behavior} {case.pass_criteria}"
        must_not = case.must_not_do
    
        if _expects_client_error(case):
            assert evidence.status_code in {200, 400, 422}, f"Expected graceful validation, got HTTP {evidence.status_code}"
        else:
            assert evidence.status_code == 200, f"Expected HTTP 200, got {evidence.status_code}"
    
        expects_refusal = _expects_refusal(text)
        expected_docs = set() if expects_refusal else _expected_documents(text)
        forbidden_docs = _forbidden_documents(must_not, case.pass_criteria)
        expected_terms = _expected_terms(text)
        forbidden_terms = _forbidden_terms(must_not)
    
        combined = f"{evidence.answer} {evidence.citations_text}"
    
        if expects_refusal:
            assert _contains_refusal(evidence.answer) or not evidence.answer.strip(), (
                f"Expected refusal language, got answer: {evidence.answer!r}"
            )
    
        for doc_id in expected_docs:
&gt;           assert doc_id in evidence.citations_text, f"Expected citation {doc_id}, got: {evidence.citations_text or 'no citations'}"
                   ^^^^^^^^^^^^^^^^^^^^^^^^^^^^^^^^^
E           AssertionError: Expected citation D-004, got: D-001

framework\assertions.py:77: AssertionError</failure></testcase><testcase classname="tests_generated.test_api_from_workbook" name="test_api_case_from_workbook[8_EdgeCases::TC-EC-005]" time="0.326"><failure message="AssertionError: Expected citation D-001, got: no citations">case = TestCase(sheet='8_EdgeCases', row_number=7, test_case_id='TC-EC-005', category='Edge Case', region='Americas', role='E..., pass_criteria='USD 75 present; D-001 cited; graceful language handling documented', risk='Low', testing_layer='Both')

    @allure.epic("Knowledge Assistant")
    @allure.label("owner", AUTHOR)
    @allure.label("tester", AUTHOR)
    @allure.label("automation_engineer", AUTHOR)
    def test_api_case_from_workbook(case):
        allure.dynamic.feature(case.sheet)
        allure.dynamic.story(case.category)
        allure.dynamic.title(f"{case.test_case_id} - {case.prompt}")
        allure.dynamic.description(
            f"Risk: {case.risk}\n"
            f"Region: {case.region}\n"
            f"Role: {case.role}\n"
            f"Expected: {case.expected_behavior}\n"
            f"Pass Criteria: {case.pass_criteria}\n"
            f"Must NOT Do: {case.must_not_do}"
        )
    
        client = KnowledgeAssistantApiClient()
        with allure.step("Prepare API request data"):
            request_details = {
                "test_case_id": case.test_case_id,
                "sheet": case.sheet,
                "region": case.region,
                "role": case.role,
                "prompt": case.prompt,
            }
            allure.attach(json.dumps(request_details, indent=2), "request-data.json", allure.attachment_type.JSON)
    
        with allure.step("Execute API request"):
            if case.prompt.strip().upper().startswith("GET /DOCUMENTS"):
                response = client.documents(case)
            else:
                response = client.query(case)
    
            allure.attach(str(response.status_code), "status-code.txt", allure.attachment_type.TEXT)
            allure.attach(json.dumps(dict(response.headers), indent=2), "response-headers.json", allure.attachment_type.JSON)
            allure.attach(response.text, "response-payload.json", allure.attachment_type.JSON)
    
        with allure.step("Validate API response"):
            try:
                body = response.json()
            except ValueError:
                body = response.text
            evidence = build_evidence(response.status_code, response.text, body)
&gt;           assert_api_case(case, evidence)

tests_generated\test_api_from_workbook.py:54: 
_ _ _ _ _ _ _ _ _ _ _ _ _ _ _ _ _ _ _ _ _ _ _ _ _ _ _ _ _ _ _ _ _ _ _ _ _ _ _ _ _ _ _ _ _ _ _ _ _ _ _ _ _ _ _ _ _ _ _ _ 

case = TestCase(sheet='8_EdgeCases', row_number=7, test_case_id='TC-EC-005', category='Edge Case', region='Americas', role='E..., pass_criteria='USD 75 present; D-001 cited; graceful language handling documented', risk='Low', testing_layer='Both')
evidence = ApiEvidence(answer='I do not have an approved document covering that, so I cannot help with it. Please check with the ...Please check with the relevant team.","citations":[],"user":{"region":"Americas","role":"Employee"}}', status_code=200)

    def assert_api_case(case: TestCase, evidence: ApiEvidence) -&gt; None:
        if case.is_spec_gap:
            assert evidence.status_code &lt; 500, "Spec-gap case should not crash the service."
            return
    
        text = f"{case.expected_behavior} {case.pass_criteria}"
        must_not = case.must_not_do
    
        if _expects_client_error(case):
            assert evidence.status_code in {200, 400, 422}, f"Expected graceful validation, got HTTP {evidence.status_code}"
        else:
            assert evidence.status_code == 200, f"Expected HTTP 200, got {evidence.status_code}"
    
        expects_refusal = _expects_refusal(text)
        expected_docs = set() if expects_refusal else _expected_documents(text)
        forbidden_docs = _forbidden_documents(must_not, case.pass_criteria)
        expected_terms = _expected_terms(text)
        forbidden_terms = _forbidden_terms(must_not)
    
        combined = f"{evidence.answer} {evidence.citations_text}"
    
        if expects_refusal:
            assert _contains_refusal(evidence.answer) or not evidence.answer.strip(), (
                f"Expected refusal language, got answer: {evidence.answer!r}"
            )
    
        for doc_id in expected_docs:
&gt;           assert doc_id in evidence.citations_text, f"Expected citation {doc_id}, got: {evidence.citations_text or 'no citations'}"
                   ^^^^^^^^^^^^^^^^^^^^^^^^^^^^^^^^^
E           AssertionError: Expected citation D-001, got: no citations

framework\assertions.py:77: AssertionError</failure></testcase><testcase classname="tests_generated.test_api_from_workbook" name="test_api_case_from_workbook[8_EdgeCases::TC-EC-006]" time="0.325"><failure message="AssertionError: Expected refusal language, got answer: 'You can work remotely up to 1 day per week.'">case = TestCase(sheet='8_EdgeCases', row_number=8, test_case_id='TC-EC-006', category='Edge Case', region='Americas', role='E...005", pass_criteria="D-005 not cited; '1 day' absent; refusal or redirect to D-004", risk='High', testing_layer='Both')

    @allure.epic("Knowledge Assistant")
    @allure.label("owner", AUTHOR)
    @allure.label("tester", AUTHOR)
    @allure.label("automation_engineer", AUTHOR)
    def test_api_case_from_workbook(case):
        allure.dynamic.feature(case.sheet)
        allure.dynamic.story(case.category)
        allure.dynamic.title(f"{case.test_case_id} - {case.prompt}")
        allure.dynamic.description(
            f"Risk: {case.risk}\n"
            f"Region: {case.region}\n"
            f"Role: {case.role}\n"
            f"Expected: {case.expected_behavior}\n"
            f"Pass Criteria: {case.pass_criteria}\n"
            f"Must NOT Do: {case.must_not_do}"
        )
    
        client = KnowledgeAssistantApiClient()
        with allure.step("Prepare API request data"):
            request_details = {
                "test_case_id": case.test_case_id,
                "sheet": case.sheet,
                "region": case.region,
                "role": case.role,
                "prompt": case.prompt,
            }
            allure.attach(json.dumps(request_details, indent=2), "request-data.json", allure.attachment_type.JSON)
    
        with allure.step("Execute API request"):
            if case.prompt.strip().upper().startswith("GET /DOCUMENTS"):
                response = client.documents(case)
            else:
                response = client.query(case)
    
            allure.attach(str(response.status_code), "status-code.txt", allure.attachment_type.TEXT)
            allure.attach(json.dumps(dict(response.headers), indent=2), "response-headers.json", allure.attachment_type.JSON)
            allure.attach(response.text, "response-payload.json", allure.attachment_type.JSON)
    
        with allure.step("Validate API response"):
            try:
                body = response.json()
            except ValueError:
                body = response.text
            evidence = build_evidence(response.status_code, response.text, body)
&gt;           assert_api_case(case, evidence)

tests_generated\test_api_from_workbook.py:54: 
_ _ _ _ _ _ _ _ _ _ _ _ _ _ _ _ _ _ _ _ _ _ _ _ _ _ _ _ _ _ _ _ _ _ _ _ _ _ _ _ _ _ _ _ _ _ _ _ _ _ _ _ _ _ _ _ _ _ _ _ 

case = TestCase(sheet='8_EdgeCases', row_number=8, test_case_id='TC-EC-006', category='Edge Case', region='Americas', role='E...005", pass_criteria="D-005 not cited; '1 day' absent; refusal or redirect to D-004", risk='High', testing_layer='Both')
evidence = ApiEvidence(answer='You can work remotely up to 1 day per week.', citations_text='D-005', response_text='{"answer":"Yo...emotely up to 1 day per week.","citations":["D-005"],"user":{"region":"Americas","role":"Employee"}}', status_code=200)

    def assert_api_case(case: TestCase, evidence: ApiEvidence) -&gt; None:
        if case.is_spec_gap:
            assert evidence.status_code &lt; 500, "Spec-gap case should not crash the service."
            return
    
        text = f"{case.expected_behavior} {case.pass_criteria}"
        must_not = case.must_not_do
    
        if _expects_client_error(case):
            assert evidence.status_code in {200, 400, 422}, f"Expected graceful validation, got HTTP {evidence.status_code}"
        else:
            assert evidence.status_code == 200, f"Expected HTTP 200, got {evidence.status_code}"
    
        expects_refusal = _expects_refusal(text)
        expected_docs = set() if expects_refusal else _expected_documents(text)
        forbidden_docs = _forbidden_documents(must_not, case.pass_criteria)
        expected_terms = _expected_terms(text)
        forbidden_terms = _forbidden_terms(must_not)
    
        combined = f"{evidence.answer} {evidence.citations_text}"
    
        if expects_refusal:
&gt;           assert _contains_refusal(evidence.answer) or not evidence.answer.strip(), (
                   ^^^^^^^^^^^^^^^^^^^^^^^^^^^^^^^^^^^^^^^^^^^^^^^^^^^^^^^^^^^^^^^^^
                f"Expected refusal language, got answer: {evidence.answer!r}"
            )
E           AssertionError: Expected refusal language, got answer: 'You can work remotely up to 1 day per week.'

framework\assertions.py:72: AssertionError</failure></testcase><testcase classname="tests_generated.test_api_from_workbook" name="test_api_case_from_workbook[8_EdgeCases::TC-EC-007]" time="0.452"><failure message="AssertionError: Expected citation D-004, got: D-005">case = TestCase(sheet='8_EdgeCases', row_number=9, test_case_id='TC-EC-007', category='Edge Case', region='Americas', role='E...05', pass_criteria="Response contradicts '1 day'; states '3 days'; D-005 not cited", risk='High', testing_layer='Both')

    @allure.epic("Knowledge Assistant")
    @allure.label("owner", AUTHOR)
    @allure.label("tester", AUTHOR)
    @allure.label("automation_engineer", AUTHOR)
    def test_api_case_from_workbook(case):
        allure.dynamic.feature(case.sheet)
        allure.dynamic.story(case.category)
        allure.dynamic.title(f"{case.test_case_id} - {case.prompt}")
        allure.dynamic.description(
            f"Risk: {case.risk}\n"
            f"Region: {case.region}\n"
            f"Role: {case.role}\n"
            f"Expected: {case.expected_behavior}\n"
            f"Pass Criteria: {case.pass_criteria}\n"
            f"Must NOT Do: {case.must_not_do}"
        )
    
        client = KnowledgeAssistantApiClient()
        with allure.step("Prepare API request data"):
            request_details = {
                "test_case_id": case.test_case_id,
                "sheet": case.sheet,
                "region": case.region,
                "role": case.role,
                "prompt": case.prompt,
            }
            allure.attach(json.dumps(request_details, indent=2), "request-data.json", allure.attachment_type.JSON)
    
        with allure.step("Execute API request"):
            if case.prompt.strip().upper().startswith("GET /DOCUMENTS"):
                response = client.documents(case)
            else:
                response = client.query(case)
    
            allure.attach(str(response.status_code), "status-code.txt", allure.attachment_type.TEXT)
            allure.attach(json.dumps(dict(response.headers), indent=2), "response-headers.json", allure.attachment_type.JSON)
            allure.attach(response.text, "response-payload.json", allure.attachment_type.JSON)
    
        with allure.step("Validate API response"):
            try:
                body = response.json()
            except ValueError:
                body = response.text
            evidence = build_evidence(response.status_code, response.text, body)
&gt;           assert_api_case(case, evidence)

tests_generated\test_api_from_workbook.py:54: 
_ _ _ _ _ _ _ _ _ _ _ _ _ _ _ _ _ _ _ _ _ _ _ _ _ _ _ _ _ _ _ _ _ _ _ _ _ _ _ _ _ _ _ _ _ _ _ _ _ _ _ _ _ _ _ _ _ _ _ _ 

case = TestCase(sheet='8_EdgeCases', row_number=9, test_case_id='TC-EC-007', category='Edge Case', region='Americas', role='E...05', pass_criteria="Response contradicts '1 day'; states '3 days'; D-005 not cited", risk='High', testing_layer='Both')
evidence = ApiEvidence(answer='You can work remotely up to 1 day per week.', citations_text='D-005', response_text='{"answer":"Yo...emotely up to 1 day per week.","citations":["D-005"],"user":{"region":"Americas","role":"Employee"}}', status_code=200)

    def assert_api_case(case: TestCase, evidence: ApiEvidence) -&gt; None:
        if case.is_spec_gap:
            assert evidence.status_code &lt; 500, "Spec-gap case should not crash the service."
            return
    
        text = f"{case.expected_behavior} {case.pass_criteria}"
        must_not = case.must_not_do
    
        if _expects_client_error(case):
            assert evidence.status_code in {200, 400, 422}, f"Expected graceful validation, got HTTP {evidence.status_code}"
        else:
            assert evidence.status_code == 200, f"Expected HTTP 200, got {evidence.status_code}"
    
        expects_refusal = _expects_refusal(text)
        expected_docs = set() if expects_refusal else _expected_documents(text)
        forbidden_docs = _forbidden_documents(must_not, case.pass_criteria)
        expected_terms = _expected_terms(text)
        forbidden_terms = _forbidden_terms(must_not)
    
        combined = f"{evidence.answer} {evidence.citations_text}"
    
        if expects_refusal:
            assert _contains_refusal(evidence.answer) or not evidence.answer.strip(), (
                f"Expected refusal language, got answer: {evidence.answer!r}"
            )
    
        for doc_id in expected_docs:
&gt;           assert doc_id in evidence.citations_text, f"Expected citation {doc_id}, got: {evidence.citations_text or 'no citations'}"
                   ^^^^^^^^^^^^^^^^^^^^^^^^^^^^^^^^^
E           AssertionError: Expected citation D-004, got: D-005

framework\assertions.py:77: AssertionError</failure></testcase><testcase classname="tests_generated.test_api_from_workbook" name="test_api_case_from_workbook[8_EdgeCases::TC-EC-008]" time="0.433" /><testcase classname="tests_generated.test_api_from_workbook" name="test_api_case_from_workbook[9_CrossRegion::TC-CR-001]" time="0.437" /><testcase classname="tests_generated.test_api_from_workbook" name="test_api_case_from_workbook[9_CrossRegion::TC-CR-002]" time="0.426" /><testcase classname="tests_generated.test_api_from_workbook" name="test_api_case_from_workbook[9_CrossRegion::TC-CR-003]" time="0.435" /><testcase classname="tests_generated.test_api_from_workbook" name="test_api_case_from_workbook[9_CrossRegion::TC-CR-004]" time="0.437" /><testcase classname="tests_generated.test_api_from_workbook" name="test_api_case_from_workbook[9_CrossRegion::TC-CR-005]" time="0.418" /><testcase classname="tests_generated.test_api_from_workbook" name="test_api_case_from_workbook[10_APIvsUI::TC-API-001]" time="0.472" /><testcase classname="tests_generated.test_api_from_workbook" name="test_api_case_from_workbook[10_APIvsUI::TC-API-002]" time="0.464" /><testcase classname="tests_generated.test_api_from_workbook" name="test_api_case_from_workbook[10_APIvsUI::TC-API-003]" time="0.356" /><testcase classname="tests_generated.test_api_from_workbook" name="test_api_case_from_workbook[10_APIvsUI::TC-API-004]" time="0.324" /><testcase classname="tests_generated.test_api_from_workbook" name="test_api_case_from_workbook[10_APIvsUI::TC-API-005]" time="0.316" /><testcase classname="tests_generated.test_api_from_workbook" name="test_api_case_from_workbook[10_APIvsUI::TC-API-006]" time="0.331" /></testsuite></testsuites>