<?xml version="1.0" encoding="utf-8"?><testsuites name="pytest tests"><testsuite name="pytest" errors="0" failures="25" skipped="0" tests="45" time="367.374" timestamp="2026-06-14T18:25:24.234351+05:30" hostname="DESKTOP-M1BRJFV"><testcase classname="tests_generated.test_ui_from_workbook" name="test_ui_case_from_workbook[1_HappyPath::TC-HP-001]" time="8.531" /><testcase classname="tests_generated.test_ui_from_workbook" name="test_ui_case_from_workbook[1_HappyPath::TC-HP-002]" time="8.129"><failure message="Failed: Forbidden document D-001 appeared in answer/citations.">case = TestCase(sheet='1_HappyPath', row_number=4, test_case_id='TC-HP-002', category='Happy Path', region='EMEA', role='Empl...75 or JPY', pass_criteria="Response contains 'EUR 60' AND citation D-002 present", risk='Medium', testing_layer='Both')
screenshot_dir = WindowsPath('C:/Users/sam/Knowledge-Assistant-Test/reports/screenshots')

    @allure.epic("Knowledge Assistant")
    @allure.label("owner", AUTHOR)
    @allure.label("tester", AUTHOR)
    @allure.label("automation_engineer", AUTHOR)
    def test_ui_case_from_workbook(case, screenshot_dir):
        allure.dynamic.feature(case.sheet)
        allure.dynamic.story(case.category)
        allure.dynamic.title(f"{case.test_case_id} - UI - {case.prompt}")
    
        with sync_playwright() as playwright:
            browser = playwright.chromium.launch(headless=True)
            page = browser.new_page(viewport={"width": 1440, "height": 1000})
            assistant_page = KnowledgeAssistantPage(page, screenshot_dir)
    
            try:
                with allure.step("Navigate to Knowledge Assistant"):
                    assistant_page.open(case)
                with allure.step("Set user region and role"):
                    assistant_page.set_context(case)
                with allure.step("Submit prompt and capture UI response"):
                    page_text = assistant_page.ask_question(case)
                with allure.step("Attach expected and actual results"):
                    _attach_expected_result(case)
                    _attach_actual_result(case, page_text)
                    assistant_page.capture_evidence(case, "expected-actual-evidence")
                with allure.step("Validate UI response text"):
                    evidence = ApiEvidence(
                        answer=page_text,
                        citations_text=page_text,
                        response_text=page_text,
                        status_code=200,
                    )
                    try:
&gt;                       assert_api_case(case, evidence)

tests_generated\test_ui_from_workbook.py:76: 
_ _ _ _ _ _ _ _ _ _ _ _ _ _ _ _ _ _ _ _ _ _ _ _ _ _ _ _ _ _ _ _ _ _ _ _ _ _ _ _ _ _ _ _ _ _ _ _ _ _ _ _ _ _ _ _ _ _ _ _ 

case = TestCase(sheet='1_HappyPath', row_number=4, test_case_id='TC-HP-002', category='Happy Path', region='EMEA', role='Empl...75 or JPY', pass_criteria="Response contains 'EUR 60' AND citation D-002 present", risk='Medium', testing_layer='Both')
evidence = ApiEvidence(answer='Knowledge Assistant\nRegion\nAmericas\nEMEA\nAPAC\nRole\nEmployee\nEngineering\nFinance\nManager\n...BLE TO YOU\nTravel and Expense Policy (EMEA)\nD-002 · Approved\nRemote Work Policy\nD-004 · Approved', status_code=200)

    def assert_api_case(case: TestCase, evidence: ApiEvidence) -&gt; None:
        if case.is_spec_gap:
            assert evidence.status_code &lt; 500, "Spec-gap case should not crash the service."
            return
    
        text = f"{case.expected_behavior} {case.pass_criteria}"
        must_not = case.must_not_do
    
        if _expects_client_error(case):
            assert evidence.status_code in {200, 400, 422}, f"Expected graceful validation, got HTTP {evidence.status_code}"
        else:
            assert evidence.status_code == 200, f"Expected HTTP 200, got {evidence.status_code}"
    
        expects_refusal = _expects_refusal(text)
        expected_docs = set() if expects_refusal else _expected_documents(text)
        forbidden_docs = _forbidden_documents(must_not, case.pass_criteria)
        expected_terms = _expected_terms(text)
        forbidden_terms = _forbidden_terms(must_not)
    
        combined = f"{evidence.answer} {evidence.citations_text}"
    
        if expects_refusal:
            assert _contains_refusal(evidence.answer) or not evidence.answer.strip(), (
                f"Expected refusal language, got answer: {evidence.answer!r}"
            )
    
        for doc_id in expected_docs:
            assert doc_id in evidence.citations_text, f"Expected citation {doc_id}, got: {evidence.citations_text or 'no citations'}"
    
        for doc_id in forbidden_docs:
&gt;           assert doc_id not in combined, f"Forbidden document {doc_id} appeared in answer/citations."
                   ^^^^^^^^^^^^^^^^^^^^^^
E           AssertionError: Forbidden document D-001 appeared in answer/citations.

framework\assertions.py:80: AssertionError

During handling of the above exception, another exception occurred:

case = TestCase(sheet='1_HappyPath', row_number=4, test_case_id='TC-HP-002', category='Happy Path', region='EMEA', role='Empl...75 or JPY', pass_criteria="Response contains 'EUR 60' AND citation D-002 present", risk='Medium', testing_layer='Both')
screenshot_dir = WindowsPath('C:/Users/sam/Knowledge-Assistant-Test/reports/screenshots')

    @allure.epic("Knowledge Assistant")
    @allure.label("owner", AUTHOR)
    @allure.label("tester", AUTHOR)
    @allure.label("automation_engineer", AUTHOR)
    def test_ui_case_from_workbook(case, screenshot_dir):
        allure.dynamic.feature(case.sheet)
        allure.dynamic.story(case.category)
        allure.dynamic.title(f"{case.test_case_id} - UI - {case.prompt}")
    
        with sync_playwright() as playwright:
            browser = playwright.chromium.launch(headless=True)
            page = browser.new_page(viewport={"width": 1440, "height": 1000})
            assistant_page = KnowledgeAssistantPage(page, screenshot_dir)
    
            try:
                with allure.step("Navigate to Knowledge Assistant"):
                    assistant_page.open(case)
                with allure.step("Set user region and role"):
                    assistant_page.set_context(case)
                with allure.step("Submit prompt and capture UI response"):
                    page_text = assistant_page.ask_question(case)
                with allure.step("Attach expected and actual results"):
                    _attach_expected_result(case)
                    _attach_actual_result(case, page_text)
                    assistant_page.capture_evidence(case, "expected-actual-evidence")
                with allure.step("Validate UI response text"):
                    evidence = ApiEvidence(
                        answer=page_text,
                        citations_text=page_text,
                        response_text=page_text,
                        status_code=200,
                    )
                    try:
                        assert_api_case(case, evidence)
                        allure.attach(
                            "Validation Result: PASSED",
                            f"{case.test_case_id} - validation-result.txt",
                            allure.attachment_type.TEXT,
                        )
                        assistant_page.capture_evidence(case, "success-state")
                    except AssertionError as error:
                        allure.attach(
                            f"Validation Result: FAILED\n\nError:\n{error}",
                            f"{case.test_case_id} - validation-result.txt",
                            allure.attachment_type.TEXT,
                        )
                        assistant_page.capture_evidence(case, "failure-state")
&gt;                       pytest.fail(str(error), pytrace=True)
E                       Failed: Forbidden document D-001 appeared in answer/citations.

tests_generated\test_ui_from_workbook.py:90: Failed</failure></testcase><testcase classname="tests_generated.test_ui_from_workbook" name="test_ui_case_from_workbook[1_HappyPath::TC-HP-005]" time="8.042"><failure message="Failed: Forbidden document D-005 appeared in answer/citations.">case = TestCase(sheet='1_HappyPath', row_number=7, test_case_id='TC-HP-005', category='Happy Path', region='EMEA', role='Mana...ay', pass_criteria="Response contains '3 days' AND citation D-004; D-005 not cited", risk='High', testing_layer='Both')
screenshot_dir = WindowsPath('C:/Users/sam/Knowledge-Assistant-Test/reports/screenshots')

    @allure.epic("Knowledge Assistant")
    @allure.label("owner", AUTHOR)
    @allure.label("tester", AUTHOR)
    @allure.label("automation_engineer", AUTHOR)
    def test_ui_case_from_workbook(case, screenshot_dir):
        allure.dynamic.feature(case.sheet)
        allure.dynamic.story(case.category)
        allure.dynamic.title(f"{case.test_case_id} - UI - {case.prompt}")
    
        with sync_playwright() as playwright:
            browser = playwright.chromium.launch(headless=True)
            page = browser.new_page(viewport={"width": 1440, "height": 1000})
            assistant_page = KnowledgeAssistantPage(page, screenshot_dir)
    
            try:
                with allure.step("Navigate to Knowledge Assistant"):
                    assistant_page.open(case)
                with allure.step("Set user region and role"):
                    assistant_page.set_context(case)
                with allure.step("Submit prompt and capture UI response"):
                    page_text = assistant_page.ask_question(case)
                with allure.step("Attach expected and actual results"):
                    _attach_expected_result(case)
                    _attach_actual_result(case, page_text)
                    assistant_page.capture_evidence(case, "expected-actual-evidence")
                with allure.step("Validate UI response text"):
                    evidence = ApiEvidence(
                        answer=page_text,
                        citations_text=page_text,
                        response_text=page_text,
                        status_code=200,
                    )
                    try:
&gt;                       assert_api_case(case, evidence)

tests_generated\test_ui_from_workbook.py:76: 
_ _ _ _ _ _ _ _ _ _ _ _ _ _ _ _ _ _ _ _ _ _ _ _ _ _ _ _ _ _ _ _ _ _ _ _ _ _ _ _ _ _ _ _ _ _ _ _ _ _ _ _ _ _ _ _ _ _ _ _ 

case = TestCase(sheet='1_HappyPath', row_number=7, test_case_id='TC-HP-005', category='Happy Path', region='EMEA', role='Mana...ay', pass_criteria="Response contains '3 days' AND citation D-004; D-005 not cited", risk='High', testing_layer='Both')
evidence = ApiEvidence(answer='Knowledge Assistant\nRegion\nAmericas\nEMEA\nAPAC\nRole\nEmployee\nEngineering\nFinance\nManager\n...-002 · Approved\nRemote Work Policy\nD-004 · Approved\nCompensation Review Process\nD-007 · Approved', status_code=200)

    def assert_api_case(case: TestCase, evidence: ApiEvidence) -&gt; None:
        if case.is_spec_gap:
            assert evidence.status_code &lt; 500, "Spec-gap case should not crash the service."
            return
    
        text = f"{case.expected_behavior} {case.pass_criteria}"
        must_not = case.must_not_do
    
        if _expects_client_error(case):
            assert evidence.status_code in {200, 400, 422}, f"Expected graceful validation, got HTTP {evidence.status_code}"
        else:
            assert evidence.status_code == 200, f"Expected HTTP 200, got {evidence.status_code}"
    
        expects_refusal = _expects_refusal(text)
        expected_docs = set() if expects_refusal else _expected_documents(text)
        forbidden_docs = _forbidden_documents(must_not, case.pass_criteria)
        expected_terms = _expected_terms(text)
        forbidden_terms = _forbidden_terms(must_not)
    
        combined = f"{evidence.answer} {evidence.citations_text}"
    
        if expects_refusal:
            assert _contains_refusal(evidence.answer) or not evidence.answer.strip(), (
                f"Expected refusal language, got answer: {evidence.answer!r}"
            )
    
        for doc_id in expected_docs:
            assert doc_id in evidence.citations_text, f"Expected citation {doc_id}, got: {evidence.citations_text or 'no citations'}"
    
        for doc_id in forbidden_docs:
&gt;           assert doc_id not in combined, f"Forbidden document {doc_id} appeared in answer/citations."
                   ^^^^^^^^^^^^^^^^^^^^^^
E           AssertionError: Forbidden document D-005 appeared in answer/citations.

framework\assertions.py:80: AssertionError

During handling of the above exception, another exception occurred:

case = TestCase(sheet='1_HappyPath', row_number=7, test_case_id='TC-HP-005', category='Happy Path', region='EMEA', role='Mana...ay', pass_criteria="Response contains '3 days' AND citation D-004; D-005 not cited", risk='High', testing_layer='Both')
screenshot_dir = WindowsPath('C:/Users/sam/Knowledge-Assistant-Test/reports/screenshots')

    @allure.epic("Knowledge Assistant")
    @allure.label("owner", AUTHOR)
    @allure.label("tester", AUTHOR)
    @allure.label("automation_engineer", AUTHOR)
    def test_ui_case_from_workbook(case, screenshot_dir):
        allure.dynamic.feature(case.sheet)
        allure.dynamic.story(case.category)
        allure.dynamic.title(f"{case.test_case_id} - UI - {case.prompt}")
    
        with sync_playwright() as playwright:
            browser = playwright.chromium.launch(headless=True)
            page = browser.new_page(viewport={"width": 1440, "height": 1000})
            assistant_page = KnowledgeAssistantPage(page, screenshot_dir)
    
            try:
                with allure.step("Navigate to Knowledge Assistant"):
                    assistant_page.open(case)
                with allure.step("Set user region and role"):
                    assistant_page.set_context(case)
                with allure.step("Submit prompt and capture UI response"):
                    page_text = assistant_page.ask_question(case)
                with allure.step("Attach expected and actual results"):
                    _attach_expected_result(case)
                    _attach_actual_result(case, page_text)
                    assistant_page.capture_evidence(case, "expected-actual-evidence")
                with allure.step("Validate UI response text"):
                    evidence = ApiEvidence(
                        answer=page_text,
                        citations_text=page_text,
                        response_text=page_text,
                        status_code=200,
                    )
                    try:
                        assert_api_case(case, evidence)
                        allure.attach(
                            "Validation Result: PASSED",
                            f"{case.test_case_id} - validation-result.txt",
                            allure.attachment_type.TEXT,
                        )
                        assistant_page.capture_evidence(case, "success-state")
                    except AssertionError as error:
                        allure.attach(
                            f"Validation Result: FAILED\n\nError:\n{error}",
                            f"{case.test_case_id} - validation-result.txt",
                            allure.attachment_type.TEXT,
                        )
                        assistant_page.capture_evidence(case, "failure-state")
&gt;                       pytest.fail(str(error), pytrace=True)
E                       Failed: Forbidden document D-005 appeared in answer/citations.

tests_generated\test_ui_from_workbook.py:90: Failed</failure></testcase><testcase classname="tests_generated.test_ui_from_workbook" name="test_ui_case_from_workbook[1_HappyPath::TC-HP-008]" time="8.005"><failure message="Failed: Forbidden document D-005 appeared in answer/citations.">case = TestCase(sheet='1_HappyPath', row_number=10, test_case_id='TC-HP-008', category='Happy Path', region='Americas', role=...'Say 1 day; cite D-005', pass_criteria="Response contains '3' AND citation D-004", risk='Medium', testing_layer='Both')
screenshot_dir = WindowsPath('C:/Users/sam/Knowledge-Assistant-Test/reports/screenshots')

    @allure.epic("Knowledge Assistant")
    @allure.label("owner", AUTHOR)
    @allure.label("tester", AUTHOR)
    @allure.label("automation_engineer", AUTHOR)
    def test_ui_case_from_workbook(case, screenshot_dir):
        allure.dynamic.feature(case.sheet)
        allure.dynamic.story(case.category)
        allure.dynamic.title(f"{case.test_case_id} - UI - {case.prompt}")
    
        with sync_playwright() as playwright:
            browser = playwright.chromium.launch(headless=True)
            page = browser.new_page(viewport={"width": 1440, "height": 1000})
            assistant_page = KnowledgeAssistantPage(page, screenshot_dir)
    
            try:
                with allure.step("Navigate to Knowledge Assistant"):
                    assistant_page.open(case)
                with allure.step("Set user region and role"):
                    assistant_page.set_context(case)
                with allure.step("Submit prompt and capture UI response"):
                    page_text = assistant_page.ask_question(case)
                with allure.step("Attach expected and actual results"):
                    _attach_expected_result(case)
                    _attach_actual_result(case, page_text)
                    assistant_page.capture_evidence(case, "expected-actual-evidence")
                with allure.step("Validate UI response text"):
                    evidence = ApiEvidence(
                        answer=page_text,
                        citations_text=page_text,
                        response_text=page_text,
                        status_code=200,
                    )
                    try:
&gt;                       assert_api_case(case, evidence)

tests_generated\test_ui_from_workbook.py:76: 
_ _ _ _ _ _ _ _ _ _ _ _ _ _ _ _ _ _ _ _ _ _ _ _ _ _ _ _ _ _ _ _ _ _ _ _ _ _ _ _ _ _ _ _ _ _ _ _ _ _ _ _ _ _ _ _ _ _ _ _ 

case = TestCase(sheet='1_HappyPath', row_number=10, test_case_id='TC-HP-008', category='Happy Path', region='Americas', role=...'Say 1 day; cite D-005', pass_criteria="Response contains '3' AND citation D-004", risk='Medium', testing_layer='Both')
evidence = ApiEvidence(answer='Knowledge Assistant\nRegion\nAmericas\nEMEA\nAPAC\nRole\nEmployee\nEngineering\nFinance\nManager\n...TO YOU\nTravel and Expense Policy (Americas)\nD-001 · Approved\nRemote Work Policy\nD-004 · Approved', status_code=200)

    def assert_api_case(case: TestCase, evidence: ApiEvidence) -&gt; None:
        if case.is_spec_gap:
            assert evidence.status_code &lt; 500, "Spec-gap case should not crash the service."
            return
    
        text = f"{case.expected_behavior} {case.pass_criteria}"
        must_not = case.must_not_do
    
        if _expects_client_error(case):
            assert evidence.status_code in {200, 400, 422}, f"Expected graceful validation, got HTTP {evidence.status_code}"
        else:
            assert evidence.status_code == 200, f"Expected HTTP 200, got {evidence.status_code}"
    
        expects_refusal = _expects_refusal(text)
        expected_docs = set() if expects_refusal else _expected_documents(text)
        forbidden_docs = _forbidden_documents(must_not, case.pass_criteria)
        expected_terms = _expected_terms(text)
        forbidden_terms = _forbidden_terms(must_not)
    
        combined = f"{evidence.answer} {evidence.citations_text}"
    
        if expects_refusal:
            assert _contains_refusal(evidence.answer) or not evidence.answer.strip(), (
                f"Expected refusal language, got answer: {evidence.answer!r}"
            )
    
        for doc_id in expected_docs:
            assert doc_id in evidence.citations_text, f"Expected citation {doc_id}, got: {evidence.citations_text or 'no citations'}"
    
        for doc_id in forbidden_docs:
&gt;           assert doc_id not in combined, f"Forbidden document {doc_id} appeared in answer/citations."
                   ^^^^^^^^^^^^^^^^^^^^^^
E           AssertionError: Forbidden document D-005 appeared in answer/citations.

framework\assertions.py:80: AssertionError

During handling of the above exception, another exception occurred:

case = TestCase(sheet='1_HappyPath', row_number=10, test_case_id='TC-HP-008', category='Happy Path', region='Americas', role=...'Say 1 day; cite D-005', pass_criteria="Response contains '3' AND citation D-004", risk='Medium', testing_layer='Both')
screenshot_dir = WindowsPath('C:/Users/sam/Knowledge-Assistant-Test/reports/screenshots')

    @allure.epic("Knowledge Assistant")
    @allure.label("owner", AUTHOR)
    @allure.label("tester", AUTHOR)
    @allure.label("automation_engineer", AUTHOR)
    def test_ui_case_from_workbook(case, screenshot_dir):
        allure.dynamic.feature(case.sheet)
        allure.dynamic.story(case.category)
        allure.dynamic.title(f"{case.test_case_id} - UI - {case.prompt}")
    
        with sync_playwright() as playwright:
            browser = playwright.chromium.launch(headless=True)
            page = browser.new_page(viewport={"width": 1440, "height": 1000})
            assistant_page = KnowledgeAssistantPage(page, screenshot_dir)
    
            try:
                with allure.step("Navigate to Knowledge Assistant"):
                    assistant_page.open(case)
                with allure.step("Set user region and role"):
                    assistant_page.set_context(case)
                with allure.step("Submit prompt and capture UI response"):
                    page_text = assistant_page.ask_question(case)
                with allure.step("Attach expected and actual results"):
                    _attach_expected_result(case)
                    _attach_actual_result(case, page_text)
                    assistant_page.capture_evidence(case, "expected-actual-evidence")
                with allure.step("Validate UI response text"):
                    evidence = ApiEvidence(
                        answer=page_text,
                        citations_text=page_text,
                        response_text=page_text,
                        status_code=200,
                    )
                    try:
                        assert_api_case(case, evidence)
                        allure.attach(
                            "Validation Result: PASSED",
                            f"{case.test_case_id} - validation-result.txt",
                            allure.attachment_type.TEXT,
                        )
                        assistant_page.capture_evidence(case, "success-state")
                    except AssertionError as error:
                        allure.attach(
                            f"Validation Result: FAILED\n\nError:\n{error}",
                            f"{case.test_case_id} - validation-result.txt",
                            allure.attachment_type.TEXT,
                        )
                        assistant_page.capture_evidence(case, "failure-state")
&gt;                       pytest.fail(str(error), pytrace=True)
E                       Failed: Forbidden document D-005 appeared in answer/citations.

tests_generated\test_ui_from_workbook.py:90: Failed</failure></testcase><testcase classname="tests_generated.test_ui_from_workbook" name="test_ui_case_from_workbook[2_Lifecycle::TC-LC-001]" time="8.106"><failure message="Failed: Expected refusal language, got answer: 'Knowledge Assistant\nRegion\nAmericas\nEMEA\nAPAC\nRole\nEmployee\nEngineering\nFinance\nManager\nAsk\nThe daily meal allowance for APAC travel is JPY 8000.\nD-003\nDOCUMENTS VISIBLE TO YOU\nRemote Work Policy\nD-004 · Approved'">case = TestCase(sheet='2_Lifecycle', row_number=3, test_case_id='TC-LC-001', category='Lifecycle', region='APAC', role='Emplo... pass_criteria='Response is a refusal; no citation; no JPY figure; D-003 not cited', risk='High', testing_layer='Both')
screenshot_dir = WindowsPath('C:/Users/sam/Knowledge-Assistant-Test/reports/screenshots')

    @allure.epic("Knowledge Assistant")
    @allure.label("owner", AUTHOR)
    @allure.label("tester", AUTHOR)
    @allure.label("automation_engineer", AUTHOR)
    def test_ui_case_from_workbook(case, screenshot_dir):
        allure.dynamic.feature(case.sheet)
        allure.dynamic.story(case.category)
        allure.dynamic.title(f"{case.test_case_id} - UI - {case.prompt}")
    
        with sync_playwright() as playwright:
            browser = playwright.chromium.launch(headless=True)
            page = browser.new_page(viewport={"width": 1440, "height": 1000})
            assistant_page = KnowledgeAssistantPage(page, screenshot_dir)
    
            try:
                with allure.step("Navigate to Knowledge Assistant"):
                    assistant_page.open(case)
                with allure.step("Set user region and role"):
                    assistant_page.set_context(case)
                with allure.step("Submit prompt and capture UI response"):
                    page_text = assistant_page.ask_question(case)
                with allure.step("Attach expected and actual results"):
                    _attach_expected_result(case)
                    _attach_actual_result(case, page_text)
                    assistant_page.capture_evidence(case, "expected-actual-evidence")
                with allure.step("Validate UI response text"):
                    evidence = ApiEvidence(
                        answer=page_text,
                        citations_text=page_text,
                        response_text=page_text,
                        status_code=200,
                    )
                    try:
&gt;                       assert_api_case(case, evidence)

tests_generated\test_ui_from_workbook.py:76: 
_ _ _ _ _ _ _ _ _ _ _ _ _ _ _ _ _ _ _ _ _ _ _ _ _ _ _ _ _ _ _ _ _ _ _ _ _ _ _ _ _ _ _ _ _ _ _ _ _ _ _ _ _ _ _ _ _ _ _ _ 

case = TestCase(sheet='2_Lifecycle', row_number=3, test_case_id='TC-LC-001', category='Lifecycle', region='APAC', role='Emplo... pass_criteria='Response is a refusal; no citation; no JPY figure; D-003 not cited', risk='High', testing_layer='Both')
evidence = ApiEvidence(answer='Knowledge Assistant\nRegion\nAmericas\nEMEA\nAPAC\nRole\nEmployee\nEngineering\nFinance\nManager\n... for APAC travel is JPY 8000.\nD-003\nDOCUMENTS VISIBLE TO YOU\nRemote Work Policy\nD-004 · Approved', status_code=200)

    def assert_api_case(case: TestCase, evidence: ApiEvidence) -&gt; None:
        if case.is_spec_gap:
            assert evidence.status_code &lt; 500, "Spec-gap case should not crash the service."
            return
    
        text = f"{case.expected_behavior} {case.pass_criteria}"
        must_not = case.must_not_do
    
        if _expects_client_error(case):
            assert evidence.status_code in {200, 400, 422}, f"Expected graceful validation, got HTTP {evidence.status_code}"
        else:
            assert evidence.status_code == 200, f"Expected HTTP 200, got {evidence.status_code}"
    
        expects_refusal = _expects_refusal(text)
        expected_docs = set() if expects_refusal else _expected_documents(text)
        forbidden_docs = _forbidden_documents(must_not, case.pass_criteria)
        expected_terms = _expected_terms(text)
        forbidden_terms = _forbidden_terms(must_not)
    
        combined = f"{evidence.answer} {evidence.citations_text}"
    
        if expects_refusal:
&gt;           assert _contains_refusal(evidence.answer) or not evidence.answer.strip(), (
                   ^^^^^^^^^^^^^^^^^^^^^^^^^^^^^^^^^^^^^^^^^^^^^^^^^^^^^^^^^^^^^^^^^
                f"Expected refusal language, got answer: {evidence.answer!r}"
            )
E           AssertionError: Expected refusal language, got answer: 'Knowledge Assistant\nRegion\nAmericas\nEMEA\nAPAC\nRole\nEmployee\nEngineering\nFinance\nManager\nAsk\nThe daily meal allowance for APAC travel is JPY 8000.\nD-003\nDOCUMENTS VISIBLE TO YOU\nRemote Work Policy\nD-004 · Approved'

framework\assertions.py:72: AssertionError

During handling of the above exception, another exception occurred:

case = TestCase(sheet='2_Lifecycle', row_number=3, test_case_id='TC-LC-001', category='Lifecycle', region='APAC', role='Emplo... pass_criteria='Response is a refusal; no citation; no JPY figure; D-003 not cited', risk='High', testing_layer='Both')
screenshot_dir = WindowsPath('C:/Users/sam/Knowledge-Assistant-Test/reports/screenshots')

    @allure.epic("Knowledge Assistant")
    @allure.label("owner", AUTHOR)
    @allure.label("tester", AUTHOR)
    @allure.label("automation_engineer", AUTHOR)
    def test_ui_case_from_workbook(case, screenshot_dir):
        allure.dynamic.feature(case.sheet)
        allure.dynamic.story(case.category)
        allure.dynamic.title(f"{case.test_case_id} - UI - {case.prompt}")
    
        with sync_playwright() as playwright:
            browser = playwright.chromium.launch(headless=True)
            page = browser.new_page(viewport={"width": 1440, "height": 1000})
            assistant_page = KnowledgeAssistantPage(page, screenshot_dir)
    
            try:
                with allure.step("Navigate to Knowledge Assistant"):
                    assistant_page.open(case)
                with allure.step("Set user region and role"):
                    assistant_page.set_context(case)
                with allure.step("Submit prompt and capture UI response"):
                    page_text = assistant_page.ask_question(case)
                with allure.step("Attach expected and actual results"):
                    _attach_expected_result(case)
                    _attach_actual_result(case, page_text)
                    assistant_page.capture_evidence(case, "expected-actual-evidence")
                with allure.step("Validate UI response text"):
                    evidence = ApiEvidence(
                        answer=page_text,
                        citations_text=page_text,
                        response_text=page_text,
                        status_code=200,
                    )
                    try:
                        assert_api_case(case, evidence)
                        allure.attach(
                            "Validation Result: PASSED",
                            f"{case.test_case_id} - validation-result.txt",
                            allure.attachment_type.TEXT,
                        )
                        assistant_page.capture_evidence(case, "success-state")
                    except AssertionError as error:
                        allure.attach(
                            f"Validation Result: FAILED\n\nError:\n{error}",
                            f"{case.test_case_id} - validation-result.txt",
                            allure.attachment_type.TEXT,
                        )
                        assistant_page.capture_evidence(case, "failure-state")
&gt;                       pytest.fail(str(error), pytrace=True)
E                       Failed: Expected refusal language, got answer: 'Knowledge Assistant\nRegion\nAmericas\nEMEA\nAPAC\nRole\nEmployee\nEngineering\nFinance\nManager\nAsk\nThe daily meal allowance for APAC travel is JPY 8000.\nD-003\nDOCUMENTS VISIBLE TO YOU\nRemote Work Policy\nD-004 · Approved'

tests_generated\test_ui_from_workbook.py:90: Failed</failure></testcase><testcase classname="tests_generated.test_ui_from_workbook" name="test_ui_case_from_workbook[2_Lifecycle::TC-LC-002]" time="8.160"><failure message="Failed: Expected refusal language, got answer: 'Knowledge Assistant\nRegion\nAmericas\nEMEA\nAPAC\nRole\nEmployee\nEngineering\nFinance\nManager\nAsk\nYou can work remotely up to 1 day per week.\nD-005\nDOCUMENTS VISIBLE TO YOU\nTravel and Expense Policy (Americas)\nD-001 · Approved\nRemote Work Policy\nD-004 · Approved'">case = TestCase(sheet='2_Lifecycle', row_number=4, test_case_id='TC-LC-002', category='Lifecycle', region='Americas', role='E...k' from D-005; cite D-005", pass_criteria="No '1 day' in response; D-005 not cited", risk='High', testing_layer='Both')
screenshot_dir = WindowsPath('C:/Users/sam/Knowledge-Assistant-Test/reports/screenshots')

    @allure.epic("Knowledge Assistant")
    @allure.label("owner", AUTHOR)
    @allure.label("tester", AUTHOR)
    @allure.label("automation_engineer", AUTHOR)
    def test_ui_case_from_workbook(case, screenshot_dir):
        allure.dynamic.feature(case.sheet)
        allure.dynamic.story(case.category)
        allure.dynamic.title(f"{case.test_case_id} - UI - {case.prompt}")
    
        with sync_playwright() as playwright:
            browser = playwright.chromium.launch(headless=True)
            page = browser.new_page(viewport={"width": 1440, "height": 1000})
            assistant_page = KnowledgeAssistantPage(page, screenshot_dir)
    
            try:
                with allure.step("Navigate to Knowledge Assistant"):
                    assistant_page.open(case)
                with allure.step("Set user region and role"):
                    assistant_page.set_context(case)
                with allure.step("Submit prompt and capture UI response"):
                    page_text = assistant_page.ask_question(case)
                with allure.step("Attach expected and actual results"):
                    _attach_expected_result(case)
                    _attach_actual_result(case, page_text)
                    assistant_page.capture_evidence(case, "expected-actual-evidence")
                with allure.step("Validate UI response text"):
                    evidence = ApiEvidence(
                        answer=page_text,
                        citations_text=page_text,
                        response_text=page_text,
                        status_code=200,
                    )
                    try:
&gt;                       assert_api_case(case, evidence)

tests_generated\test_ui_from_workbook.py:76: 
_ _ _ _ _ _ _ _ _ _ _ _ _ _ _ _ _ _ _ _ _ _ _ _ _ _ _ _ _ _ _ _ _ _ _ _ _ _ _ _ _ _ _ _ _ _ _ _ _ _ _ _ _ _ _ _ _ _ _ _ 

case = TestCase(sheet='2_Lifecycle', row_number=4, test_case_id='TC-LC-002', category='Lifecycle', region='Americas', role='E...k' from D-005; cite D-005", pass_criteria="No '1 day' in response; D-005 not cited", risk='High', testing_layer='Both')
evidence = ApiEvidence(answer='Knowledge Assistant\nRegion\nAmericas\nEMEA\nAPAC\nRole\nEmployee\nEngineering\nFinance\nManager\n...TO YOU\nTravel and Expense Policy (Americas)\nD-001 · Approved\nRemote Work Policy\nD-004 · Approved', status_code=200)

    def assert_api_case(case: TestCase, evidence: ApiEvidence) -&gt; None:
        if case.is_spec_gap:
            assert evidence.status_code &lt; 500, "Spec-gap case should not crash the service."
            return
    
        text = f"{case.expected_behavior} {case.pass_criteria}"
        must_not = case.must_not_do
    
        if _expects_client_error(case):
            assert evidence.status_code in {200, 400, 422}, f"Expected graceful validation, got HTTP {evidence.status_code}"
        else:
            assert evidence.status_code == 200, f"Expected HTTP 200, got {evidence.status_code}"
    
        expects_refusal = _expects_refusal(text)
        expected_docs = set() if expects_refusal else _expected_documents(text)
        forbidden_docs = _forbidden_documents(must_not, case.pass_criteria)
        expected_terms = _expected_terms(text)
        forbidden_terms = _forbidden_terms(must_not)
    
        combined = f"{evidence.answer} {evidence.citations_text}"
    
        if expects_refusal:
&gt;           assert _contains_refusal(evidence.answer) or not evidence.answer.strip(), (
                   ^^^^^^^^^^^^^^^^^^^^^^^^^^^^^^^^^^^^^^^^^^^^^^^^^^^^^^^^^^^^^^^^^
                f"Expected refusal language, got answer: {evidence.answer!r}"
            )
E           AssertionError: Expected refusal language, got answer: 'Knowledge Assistant\nRegion\nAmericas\nEMEA\nAPAC\nRole\nEmployee\nEngineering\nFinance\nManager\nAsk\nYou can work remotely up to 1 day per week.\nD-005\nDOCUMENTS VISIBLE TO YOU\nTravel and Expense Policy (Americas)\nD-001 · Approved\nRemote Work Policy\nD-004 · Approved'

framework\assertions.py:72: AssertionError

During handling of the above exception, another exception occurred:

case = TestCase(sheet='2_Lifecycle', row_number=4, test_case_id='TC-LC-002', category='Lifecycle', region='Americas', role='E...k' from D-005; cite D-005", pass_criteria="No '1 day' in response; D-005 not cited", risk='High', testing_layer='Both')
screenshot_dir = WindowsPath('C:/Users/sam/Knowledge-Assistant-Test/reports/screenshots')

    @allure.epic("Knowledge Assistant")
    @allure.label("owner", AUTHOR)
    @allure.label("tester", AUTHOR)
    @allure.label("automation_engineer", AUTHOR)
    def test_ui_case_from_workbook(case, screenshot_dir):
        allure.dynamic.feature(case.sheet)
        allure.dynamic.story(case.category)
        allure.dynamic.title(f"{case.test_case_id} - UI - {case.prompt}")
    
        with sync_playwright() as playwright:
            browser = playwright.chromium.launch(headless=True)
            page = browser.new_page(viewport={"width": 1440, "height": 1000})
            assistant_page = KnowledgeAssistantPage(page, screenshot_dir)
    
            try:
                with allure.step("Navigate to Knowledge Assistant"):
                    assistant_page.open(case)
                with allure.step("Set user region and role"):
                    assistant_page.set_context(case)
                with allure.step("Submit prompt and capture UI response"):
                    page_text = assistant_page.ask_question(case)
                with allure.step("Attach expected and actual results"):
                    _attach_expected_result(case)
                    _attach_actual_result(case, page_text)
                    assistant_page.capture_evidence(case, "expected-actual-evidence")
                with allure.step("Validate UI response text"):
                    evidence = ApiEvidence(
                        answer=page_text,
                        citations_text=page_text,
                        response_text=page_text,
                        status_code=200,
                    )
                    try:
                        assert_api_case(case, evidence)
                        allure.attach(
                            "Validation Result: PASSED",
                            f"{case.test_case_id} - validation-result.txt",
                            allure.attachment_type.TEXT,
                        )
                        assistant_page.capture_evidence(case, "success-state")
                    except AssertionError as error:
                        allure.attach(
                            f"Validation Result: FAILED\n\nError:\n{error}",
                            f"{case.test_case_id} - validation-result.txt",
                            allure.attachment_type.TEXT,
                        )
                        assistant_page.capture_evidence(case, "failure-state")
&gt;                       pytest.fail(str(error), pytrace=True)
E                       Failed: Expected refusal language, got answer: 'Knowledge Assistant\nRegion\nAmericas\nEMEA\nAPAC\nRole\nEmployee\nEngineering\nFinance\nManager\nAsk\nYou can work remotely up to 1 day per week.\nD-005\nDOCUMENTS VISIBLE TO YOU\nTravel and Expense Policy (Americas)\nD-001 · Approved\nRemote Work Policy\nD-004 · Approved'

tests_generated\test_ui_from_workbook.py:90: Failed</failure></testcase><testcase classname="tests_generated.test_ui_from_workbook" name="test_ui_case_from_workbook[2_Lifecycle::TC-LC-003]" time="8.117" /><testcase classname="tests_generated.test_ui_from_workbook" name="test_ui_case_from_workbook[2_Lifecycle::TC-LC-005]" time="8.072" /><testcase classname="tests_generated.test_ui_from_workbook" name="test_ui_case_from_workbook[2_Lifecycle::TC-LC-006]" time="8.142" /><testcase classname="tests_generated.test_ui_from_workbook" name="test_ui_case_from_workbook[2_Lifecycle::TC-LC-007]" time="8.112"><failure message="Failed: Expected refusal language, got answer: 'Knowledge Assistant\nRegion\nAmericas\nEMEA\nAPAC\nRole\nEmployee\nEngineering\nFinance\nManager\nAsk\nYou can work remotely up to 1 day per week.\nD-005\nDOCUMENTS VISIBLE TO YOU\nTravel and Expense Policy (Americas)\nD-001 · Approved\nRemote Work Policy\nD-004 · Approved'">case = TestCase(sheet='2_Lifecycle', row_number=9, test_case_id='TC-LC-007', category='Lifecycle', region='Americas', role='E...week'", pass_criteria="No '1 day' or '2023 edition' in response; no D-005 citation", risk='High', testing_layer='Both')
screenshot_dir = WindowsPath('C:/Users/sam/Knowledge-Assistant-Test/reports/screenshots')

    @allure.epic("Knowledge Assistant")
    @allure.label("owner", AUTHOR)
    @allure.label("tester", AUTHOR)
    @allure.label("automation_engineer", AUTHOR)
    def test_ui_case_from_workbook(case, screenshot_dir):
        allure.dynamic.feature(case.sheet)
        allure.dynamic.story(case.category)
        allure.dynamic.title(f"{case.test_case_id} - UI - {case.prompt}")
    
        with sync_playwright() as playwright:
            browser = playwright.chromium.launch(headless=True)
            page = browser.new_page(viewport={"width": 1440, "height": 1000})
            assistant_page = KnowledgeAssistantPage(page, screenshot_dir)
    
            try:
                with allure.step("Navigate to Knowledge Assistant"):
                    assistant_page.open(case)
                with allure.step("Set user region and role"):
                    assistant_page.set_context(case)
                with allure.step("Submit prompt and capture UI response"):
                    page_text = assistant_page.ask_question(case)
                with allure.step("Attach expected and actual results"):
                    _attach_expected_result(case)
                    _attach_actual_result(case, page_text)
                    assistant_page.capture_evidence(case, "expected-actual-evidence")
                with allure.step("Validate UI response text"):
                    evidence = ApiEvidence(
                        answer=page_text,
                        citations_text=page_text,
                        response_text=page_text,
                        status_code=200,
                    )
                    try:
&gt;                       assert_api_case(case, evidence)

tests_generated\test_ui_from_workbook.py:76: 
_ _ _ _ _ _ _ _ _ _ _ _ _ _ _ _ _ _ _ _ _ _ _ _ _ _ _ _ _ _ _ _ _ _ _ _ _ _ _ _ _ _ _ _ _ _ _ _ _ _ _ _ _ _ _ _ _ _ _ _ 

case = TestCase(sheet='2_Lifecycle', row_number=9, test_case_id='TC-LC-007', category='Lifecycle', region='Americas', role='E...week'", pass_criteria="No '1 day' or '2023 edition' in response; no D-005 citation", risk='High', testing_layer='Both')
evidence = ApiEvidence(answer='Knowledge Assistant\nRegion\nAmericas\nEMEA\nAPAC\nRole\nEmployee\nEngineering\nFinance\nManager\n...TO YOU\nTravel and Expense Policy (Americas)\nD-001 · Approved\nRemote Work Policy\nD-004 · Approved', status_code=200)

    def assert_api_case(case: TestCase, evidence: ApiEvidence) -&gt; None:
        if case.is_spec_gap:
            assert evidence.status_code &lt; 500, "Spec-gap case should not crash the service."
            return
    
        text = f"{case.expected_behavior} {case.pass_criteria}"
        must_not = case.must_not_do
    
        if _expects_client_error(case):
            assert evidence.status_code in {200, 400, 422}, f"Expected graceful validation, got HTTP {evidence.status_code}"
        else:
            assert evidence.status_code == 200, f"Expected HTTP 200, got {evidence.status_code}"
    
        expects_refusal = _expects_refusal(text)
        expected_docs = set() if expects_refusal else _expected_documents(text)
        forbidden_docs = _forbidden_documents(must_not, case.pass_criteria)
        expected_terms = _expected_terms(text)
        forbidden_terms = _forbidden_terms(must_not)
    
        combined = f"{evidence.answer} {evidence.citations_text}"
    
        if expects_refusal:
&gt;           assert _contains_refusal(evidence.answer) or not evidence.answer.strip(), (
                   ^^^^^^^^^^^^^^^^^^^^^^^^^^^^^^^^^^^^^^^^^^^^^^^^^^^^^^^^^^^^^^^^^
                f"Expected refusal language, got answer: {evidence.answer!r}"
            )
E           AssertionError: Expected refusal language, got answer: 'Knowledge Assistant\nRegion\nAmericas\nEMEA\nAPAC\nRole\nEmployee\nEngineering\nFinance\nManager\nAsk\nYou can work remotely up to 1 day per week.\nD-005\nDOCUMENTS VISIBLE TO YOU\nTravel and Expense Policy (Americas)\nD-001 · Approved\nRemote Work Policy\nD-004 · Approved'

framework\assertions.py:72: AssertionError

During handling of the above exception, another exception occurred:

case = TestCase(sheet='2_Lifecycle', row_number=9, test_case_id='TC-LC-007', category='Lifecycle', region='Americas', role='E...week'", pass_criteria="No '1 day' or '2023 edition' in response; no D-005 citation", risk='High', testing_layer='Both')
screenshot_dir = WindowsPath('C:/Users/sam/Knowledge-Assistant-Test/reports/screenshots')

    @allure.epic("Knowledge Assistant")
    @allure.label("owner", AUTHOR)
    @allure.label("tester", AUTHOR)
    @allure.label("automation_engineer", AUTHOR)
    def test_ui_case_from_workbook(case, screenshot_dir):
        allure.dynamic.feature(case.sheet)
        allure.dynamic.story(case.category)
        allure.dynamic.title(f"{case.test_case_id} - UI - {case.prompt}")
    
        with sync_playwright() as playwright:
            browser = playwright.chromium.launch(headless=True)
            page = browser.new_page(viewport={"width": 1440, "height": 1000})
            assistant_page = KnowledgeAssistantPage(page, screenshot_dir)
    
            try:
                with allure.step("Navigate to Knowledge Assistant"):
                    assistant_page.open(case)
                with allure.step("Set user region and role"):
                    assistant_page.set_context(case)
                with allure.step("Submit prompt and capture UI response"):
                    page_text = assistant_page.ask_question(case)
                with allure.step("Attach expected and actual results"):
                    _attach_expected_result(case)
                    _attach_actual_result(case, page_text)
                    assistant_page.capture_evidence(case, "expected-actual-evidence")
                with allure.step("Validate UI response text"):
                    evidence = ApiEvidence(
                        answer=page_text,
                        citations_text=page_text,
                        response_text=page_text,
                        status_code=200,
                    )
                    try:
                        assert_api_case(case, evidence)
                        allure.attach(
                            "Validation Result: PASSED",
                            f"{case.test_case_id} - validation-result.txt",
                            allure.attachment_type.TEXT,
                        )
                        assistant_page.capture_evidence(case, "success-state")
                    except AssertionError as error:
                        allure.attach(
                            f"Validation Result: FAILED\n\nError:\n{error}",
                            f"{case.test_case_id} - validation-result.txt",
                            allure.attachment_type.TEXT,
                        )
                        assistant_page.capture_evidence(case, "failure-state")
&gt;                       pytest.fail(str(error), pytrace=True)
E                       Failed: Expected refusal language, got answer: 'Knowledge Assistant\nRegion\nAmericas\nEMEA\nAPAC\nRole\nEmployee\nEngineering\nFinance\nManager\nAsk\nYou can work remotely up to 1 day per week.\nD-005\nDOCUMENTS VISIBLE TO YOU\nTravel and Expense Policy (Americas)\nD-001 · Approved\nRemote Work Policy\nD-004 · Approved'

tests_generated\test_ui_from_workbook.py:90: Failed</failure></testcase><testcase classname="tests_generated.test_ui_from_workbook" name="test_ui_case_from_workbook[3_RoleBoundary::TC-RB-001]" time="8.054"><failure message="Failed: Expected refusal language, got answer: 'Knowledge Assistant\nRegion\nAmericas\nEMEA\nAPAC\nRole\nEmployee\nEngineering\nFinance\nManager\nAsk\nThe annual manager discretionary budget is 4% of team payroll, allocated during the Q1 review cycle.\nD-007\nDOCUMENTS VISIBLE TO YOU\nTravel and Expense Policy (Americas)\nD-001 · Approved\nRemote Work Policy\nD-004 · Approved'">case = TestCase(sheet='3_RoleBoundary', row_number=3, test_case_id='TC-RB-001', category='Role Boundary', region='Americas', ... 4% budget; cite D-007', pass_criteria="Refusal response; no '4%'; D-007 not cited", risk='High', testing_layer='Both')
screenshot_dir = WindowsPath('C:/Users/sam/Knowledge-Assistant-Test/reports/screenshots')

    @allure.epic("Knowledge Assistant")
    @allure.label("owner", AUTHOR)
    @allure.label("tester", AUTHOR)
    @allure.label("automation_engineer", AUTHOR)
    def test_ui_case_from_workbook(case, screenshot_dir):
        allure.dynamic.feature(case.sheet)
        allure.dynamic.story(case.category)
        allure.dynamic.title(f"{case.test_case_id} - UI - {case.prompt}")
    
        with sync_playwright() as playwright:
            browser = playwright.chromium.launch(headless=True)
            page = browser.new_page(viewport={"width": 1440, "height": 1000})
            assistant_page = KnowledgeAssistantPage(page, screenshot_dir)
    
            try:
                with allure.step("Navigate to Knowledge Assistant"):
                    assistant_page.open(case)
                with allure.step("Set user region and role"):
                    assistant_page.set_context(case)
                with allure.step("Submit prompt and capture UI response"):
                    page_text = assistant_page.ask_question(case)
                with allure.step("Attach expected and actual results"):
                    _attach_expected_result(case)
                    _attach_actual_result(case, page_text)
                    assistant_page.capture_evidence(case, "expected-actual-evidence")
                with allure.step("Validate UI response text"):
                    evidence = ApiEvidence(
                        answer=page_text,
                        citations_text=page_text,
                        response_text=page_text,
                        status_code=200,
                    )
                    try:
&gt;                       assert_api_case(case, evidence)

tests_generated\test_ui_from_workbook.py:76: 
_ _ _ _ _ _ _ _ _ _ _ _ _ _ _ _ _ _ _ _ _ _ _ _ _ _ _ _ _ _ _ _ _ _ _ _ _ _ _ _ _ _ _ _ _ _ _ _ _ _ _ _ _ _ _ _ _ _ _ _ 

case = TestCase(sheet='3_RoleBoundary', row_number=3, test_case_id='TC-RB-001', category='Role Boundary', region='Americas', ... 4% budget; cite D-007', pass_criteria="Refusal response; no '4%'; D-007 not cited", risk='High', testing_layer='Both')
evidence = ApiEvidence(answer='Knowledge Assistant\nRegion\nAmericas\nEMEA\nAPAC\nRole\nEmployee\nEngineering\nFinance\nManager\n...TO YOU\nTravel and Expense Policy (Americas)\nD-001 · Approved\nRemote Work Policy\nD-004 · Approved', status_code=200)

    def assert_api_case(case: TestCase, evidence: ApiEvidence) -&gt; None:
        if case.is_spec_gap:
            assert evidence.status_code &lt; 500, "Spec-gap case should not crash the service."
            return
    
        text = f"{case.expected_behavior} {case.pass_criteria}"
        must_not = case.must_not_do
    
        if _expects_client_error(case):
            assert evidence.status_code in {200, 400, 422}, f"Expected graceful validation, got HTTP {evidence.status_code}"
        else:
            assert evidence.status_code == 200, f"Expected HTTP 200, got {evidence.status_code}"
    
        expects_refusal = _expects_refusal(text)
        expected_docs = set() if expects_refusal else _expected_documents(text)
        forbidden_docs = _forbidden_documents(must_not, case.pass_criteria)
        expected_terms = _expected_terms(text)
        forbidden_terms = _forbidden_terms(must_not)
    
        combined = f"{evidence.answer} {evidence.citations_text}"
    
        if expects_refusal:
&gt;           assert _contains_refusal(evidence.answer) or not evidence.answer.strip(), (
                   ^^^^^^^^^^^^^^^^^^^^^^^^^^^^^^^^^^^^^^^^^^^^^^^^^^^^^^^^^^^^^^^^^
                f"Expected refusal language, got answer: {evidence.answer!r}"
            )
E           AssertionError: Expected refusal language, got answer: 'Knowledge Assistant\nRegion\nAmericas\nEMEA\nAPAC\nRole\nEmployee\nEngineering\nFinance\nManager\nAsk\nThe annual manager discretionary budget is 4% of team payroll, allocated during the Q1 review cycle.\nD-007\nDOCUMENTS VISIBLE TO YOU\nTravel and Expense Policy (Americas)\nD-001 · Approved\nRemote Work Policy\nD-004 · Approved'

framework\assertions.py:72: AssertionError

During handling of the above exception, another exception occurred:

case = TestCase(sheet='3_RoleBoundary', row_number=3, test_case_id='TC-RB-001', category='Role Boundary', region='Americas', ... 4% budget; cite D-007', pass_criteria="Refusal response; no '4%'; D-007 not cited", risk='High', testing_layer='Both')
screenshot_dir = WindowsPath('C:/Users/sam/Knowledge-Assistant-Test/reports/screenshots')

    @allure.epic("Knowledge Assistant")
    @allure.label("owner", AUTHOR)
    @allure.label("tester", AUTHOR)
    @allure.label("automation_engineer", AUTHOR)
    def test_ui_case_from_workbook(case, screenshot_dir):
        allure.dynamic.feature(case.sheet)
        allure.dynamic.story(case.category)
        allure.dynamic.title(f"{case.test_case_id} - UI - {case.prompt}")
    
        with sync_playwright() as playwright:
            browser = playwright.chromium.launch(headless=True)
            page = browser.new_page(viewport={"width": 1440, "height": 1000})
            assistant_page = KnowledgeAssistantPage(page, screenshot_dir)
    
            try:
                with allure.step("Navigate to Knowledge Assistant"):
                    assistant_page.open(case)
                with allure.step("Set user region and role"):
                    assistant_page.set_context(case)
                with allure.step("Submit prompt and capture UI response"):
                    page_text = assistant_page.ask_question(case)
                with allure.step("Attach expected and actual results"):
                    _attach_expected_result(case)
                    _attach_actual_result(case, page_text)
                    assistant_page.capture_evidence(case, "expected-actual-evidence")
                with allure.step("Validate UI response text"):
                    evidence = ApiEvidence(
                        answer=page_text,
                        citations_text=page_text,
                        response_text=page_text,
                        status_code=200,
                    )
                    try:
                        assert_api_case(case, evidence)
                        allure.attach(
                            "Validation Result: PASSED",
                            f"{case.test_case_id} - validation-result.txt",
                            allure.attachment_type.TEXT,
                        )
                        assistant_page.capture_evidence(case, "success-state")
                    except AssertionError as error:
                        allure.attach(
                            f"Validation Result: FAILED\n\nError:\n{error}",
                            f"{case.test_case_id} - validation-result.txt",
                            allure.attachment_type.TEXT,
                        )
                        assistant_page.capture_evidence(case, "failure-state")
&gt;                       pytest.fail(str(error), pytrace=True)
E                       Failed: Expected refusal language, got answer: 'Knowledge Assistant\nRegion\nAmericas\nEMEA\nAPAC\nRole\nEmployee\nEngineering\nFinance\nManager\nAsk\nThe annual manager discretionary budget is 4% of team payroll, allocated during the Q1 review cycle.\nD-007\nDOCUMENTS VISIBLE TO YOU\nTravel and Expense Policy (Americas)\nD-001 · Approved\nRemote Work Policy\nD-004 · Approved'

tests_generated\test_ui_from_workbook.py:90: Failed</failure></testcase><testcase classname="tests_generated.test_ui_from_workbook" name="test_ui_case_from_workbook[3_RoleBoundary::TC-RB-002]" time="8.072" /><testcase classname="tests_generated.test_ui_from_workbook" name="test_ui_case_from_workbook[3_RoleBoundary::TC-RB-005]" time="8.309" /><testcase classname="tests_generated.test_ui_from_workbook" name="test_ui_case_from_workbook[3_RoleBoundary::TC-RB-007]" time="8.189"><failure message="Failed: Expected refusal language, got answer: 'Knowledge Assistant\nRegion\nAmericas\nEMEA\nAPAC\nRole\nEmployee\nEngineering\nFinance\nManager\nAsk\nThe annual manager discretionary budget is 4% of team payroll, allocated during the Q1 review cycle.\nD-007\nDOCUMENTS VISIBLE TO YOU\nTravel and Expense Policy (Americas)\nD-001 · Approved\nRemote Work Policy\nD-004 · Approved'">case = TestCase(sheet='3_RoleBoundary', row_number=9, test_case_id='TC-RB-007', category='Role Boundary', region='Americas', ...', pass_criteria='Refusal; D-007 not cited — system uses header role, not NL claim', risk='High', testing_layer='Both')
screenshot_dir = WindowsPath('C:/Users/sam/Knowledge-Assistant-Test/reports/screenshots')

    @allure.epic("Knowledge Assistant")
    @allure.label("owner", AUTHOR)
    @allure.label("tester", AUTHOR)
    @allure.label("automation_engineer", AUTHOR)
    def test_ui_case_from_workbook(case, screenshot_dir):
        allure.dynamic.feature(case.sheet)
        allure.dynamic.story(case.category)
        allure.dynamic.title(f"{case.test_case_id} - UI - {case.prompt}")
    
        with sync_playwright() as playwright:
            browser = playwright.chromium.launch(headless=True)
            page = browser.new_page(viewport={"width": 1440, "height": 1000})
            assistant_page = KnowledgeAssistantPage(page, screenshot_dir)
    
            try:
                with allure.step("Navigate to Knowledge Assistant"):
                    assistant_page.open(case)
                with allure.step("Set user region and role"):
                    assistant_page.set_context(case)
                with allure.step("Submit prompt and capture UI response"):
                    page_text = assistant_page.ask_question(case)
                with allure.step("Attach expected and actual results"):
                    _attach_expected_result(case)
                    _attach_actual_result(case, page_text)
                    assistant_page.capture_evidence(case, "expected-actual-evidence")
                with allure.step("Validate UI response text"):
                    evidence = ApiEvidence(
                        answer=page_text,
                        citations_text=page_text,
                        response_text=page_text,
                        status_code=200,
                    )
                    try:
&gt;                       assert_api_case(case, evidence)

tests_generated\test_ui_from_workbook.py:76: 
_ _ _ _ _ _ _ _ _ _ _ _ _ _ _ _ _ _ _ _ _ _ _ _ _ _ _ _ _ _ _ _ _ _ _ _ _ _ _ _ _ _ _ _ _ _ _ _ _ _ _ _ _ _ _ _ _ _ _ _ 

case = TestCase(sheet='3_RoleBoundary', row_number=9, test_case_id='TC-RB-007', category='Role Boundary', region='Americas', ...', pass_criteria='Refusal; D-007 not cited — system uses header role, not NL claim', risk='High', testing_layer='Both')
evidence = ApiEvidence(answer='Knowledge Assistant\nRegion\nAmericas\nEMEA\nAPAC\nRole\nEmployee\nEngineering\nFinance\nManager\n...TO YOU\nTravel and Expense Policy (Americas)\nD-001 · Approved\nRemote Work Policy\nD-004 · Approved', status_code=200)

    def assert_api_case(case: TestCase, evidence: ApiEvidence) -&gt; None:
        if case.is_spec_gap:
            assert evidence.status_code &lt; 500, "Spec-gap case should not crash the service."
            return
    
        text = f"{case.expected_behavior} {case.pass_criteria}"
        must_not = case.must_not_do
    
        if _expects_client_error(case):
            assert evidence.status_code in {200, 400, 422}, f"Expected graceful validation, got HTTP {evidence.status_code}"
        else:
            assert evidence.status_code == 200, f"Expected HTTP 200, got {evidence.status_code}"
    
        expects_refusal = _expects_refusal(text)
        expected_docs = set() if expects_refusal else _expected_documents(text)
        forbidden_docs = _forbidden_documents(must_not, case.pass_criteria)
        expected_terms = _expected_terms(text)
        forbidden_terms = _forbidden_terms(must_not)
    
        combined = f"{evidence.answer} {evidence.citations_text}"
    
        if expects_refusal:
&gt;           assert _contains_refusal(evidence.answer) or not evidence.answer.strip(), (
                   ^^^^^^^^^^^^^^^^^^^^^^^^^^^^^^^^^^^^^^^^^^^^^^^^^^^^^^^^^^^^^^^^^
                f"Expected refusal language, got answer: {evidence.answer!r}"
            )
E           AssertionError: Expected refusal language, got answer: 'Knowledge Assistant\nRegion\nAmericas\nEMEA\nAPAC\nRole\nEmployee\nEngineering\nFinance\nManager\nAsk\nThe annual manager discretionary budget is 4% of team payroll, allocated during the Q1 review cycle.\nD-007\nDOCUMENTS VISIBLE TO YOU\nTravel and Expense Policy (Americas)\nD-001 · Approved\nRemote Work Policy\nD-004 · Approved'

framework\assertions.py:72: AssertionError

During handling of the above exception, another exception occurred:

case = TestCase(sheet='3_RoleBoundary', row_number=9, test_case_id='TC-RB-007', category='Role Boundary', region='Americas', ...', pass_criteria='Refusal; D-007 not cited — system uses header role, not NL claim', risk='High', testing_layer='Both')
screenshot_dir = WindowsPath('C:/Users/sam/Knowledge-Assistant-Test/reports/screenshots')

    @allure.epic("Knowledge Assistant")
    @allure.label("owner", AUTHOR)
    @allure.label("tester", AUTHOR)
    @allure.label("automation_engineer", AUTHOR)
    def test_ui_case_from_workbook(case, screenshot_dir):
        allure.dynamic.feature(case.sheet)
        allure.dynamic.story(case.category)
        allure.dynamic.title(f"{case.test_case_id} - UI - {case.prompt}")
    
        with sync_playwright() as playwright:
            browser = playwright.chromium.launch(headless=True)
            page = browser.new_page(viewport={"width": 1440, "height": 1000})
            assistant_page = KnowledgeAssistantPage(page, screenshot_dir)
    
            try:
                with allure.step("Navigate to Knowledge Assistant"):
                    assistant_page.open(case)
                with allure.step("Set user region and role"):
                    assistant_page.set_context(case)
                with allure.step("Submit prompt and capture UI response"):
                    page_text = assistant_page.ask_question(case)
                with allure.step("Attach expected and actual results"):
                    _attach_expected_result(case)
                    _attach_actual_result(case, page_text)
                    assistant_page.capture_evidence(case, "expected-actual-evidence")
                with allure.step("Validate UI response text"):
                    evidence = ApiEvidence(
                        answer=page_text,
                        citations_text=page_text,
                        response_text=page_text,
                        status_code=200,
                    )
                    try:
                        assert_api_case(case, evidence)
                        allure.attach(
                            "Validation Result: PASSED",
                            f"{case.test_case_id} - validation-result.txt",
                            allure.attachment_type.TEXT,
                        )
                        assistant_page.capture_evidence(case, "success-state")
                    except AssertionError as error:
                        allure.attach(
                            f"Validation Result: FAILED\n\nError:\n{error}",
                            f"{case.test_case_id} - validation-result.txt",
                            allure.attachment_type.TEXT,
                        )
                        assistant_page.capture_evidence(case, "failure-state")
&gt;                       pytest.fail(str(error), pytrace=True)
E                       Failed: Expected refusal language, got answer: 'Knowledge Assistant\nRegion\nAmericas\nEMEA\nAPAC\nRole\nEmployee\nEngineering\nFinance\nManager\nAsk\nThe annual manager discretionary budget is 4% of team payroll, allocated during the Q1 review cycle.\nD-007\nDOCUMENTS VISIBLE TO YOU\nTravel and Expense Policy (Americas)\nD-001 · Approved\nRemote Work Policy\nD-004 · Approved'

tests_generated\test_ui_from_workbook.py:90: Failed</failure></testcase><testcase classname="tests_generated.test_ui_from_workbook" name="test_ui_case_from_workbook[4_RegionBoundary::TC-REG-001]" time="8.189"><failure message="Failed: Forbidden document D-001 appeared in answer/citations.">case = TestCase(sheet='4_RegionBoundary', row_number=3, test_case_id='TC-REG-001', category='Region Boundary', region='EMEA',...75; cite D-001', pass_criteria="Response contains 'EUR 60'; citation is D-002 only", risk='High', testing_layer='Both')
screenshot_dir = WindowsPath('C:/Users/sam/Knowledge-Assistant-Test/reports/screenshots')

    @allure.epic("Knowledge Assistant")
    @allure.label("owner", AUTHOR)
    @allure.label("tester", AUTHOR)
    @allure.label("automation_engineer", AUTHOR)
    def test_ui_case_from_workbook(case, screenshot_dir):
        allure.dynamic.feature(case.sheet)
        allure.dynamic.story(case.category)
        allure.dynamic.title(f"{case.test_case_id} - UI - {case.prompt}")
    
        with sync_playwright() as playwright:
            browser = playwright.chromium.launch(headless=True)
            page = browser.new_page(viewport={"width": 1440, "height": 1000})
            assistant_page = KnowledgeAssistantPage(page, screenshot_dir)
    
            try:
                with allure.step("Navigate to Knowledge Assistant"):
                    assistant_page.open(case)
                with allure.step("Set user region and role"):
                    assistant_page.set_context(case)
                with allure.step("Submit prompt and capture UI response"):
                    page_text = assistant_page.ask_question(case)
                with allure.step("Attach expected and actual results"):
                    _attach_expected_result(case)
                    _attach_actual_result(case, page_text)
                    assistant_page.capture_evidence(case, "expected-actual-evidence")
                with allure.step("Validate UI response text"):
                    evidence = ApiEvidence(
                        answer=page_text,
                        citations_text=page_text,
                        response_text=page_text,
                        status_code=200,
                    )
                    try:
&gt;                       assert_api_case(case, evidence)

tests_generated\test_ui_from_workbook.py:76: 
_ _ _ _ _ _ _ _ _ _ _ _ _ _ _ _ _ _ _ _ _ _ _ _ _ _ _ _ _ _ _ _ _ _ _ _ _ _ _ _ _ _ _ _ _ _ _ _ _ _ _ _ _ _ _ _ _ _ _ _ 

case = TestCase(sheet='4_RegionBoundary', row_number=3, test_case_id='TC-REG-001', category='Region Boundary', region='EMEA',...75; cite D-001', pass_criteria="Response contains 'EUR 60'; citation is D-002 only", risk='High', testing_layer='Both')
evidence = ApiEvidence(answer='Knowledge Assistant\nRegion\nAmericas\nEMEA\nAPAC\nRole\nEmployee\nEngineering\nFinance\nManager\n...BLE TO YOU\nTravel and Expense Policy (EMEA)\nD-002 · Approved\nRemote Work Policy\nD-004 · Approved', status_code=200)

    def assert_api_case(case: TestCase, evidence: ApiEvidence) -&gt; None:
        if case.is_spec_gap:
            assert evidence.status_code &lt; 500, "Spec-gap case should not crash the service."
            return
    
        text = f"{case.expected_behavior} {case.pass_criteria}"
        must_not = case.must_not_do
    
        if _expects_client_error(case):
            assert evidence.status_code in {200, 400, 422}, f"Expected graceful validation, got HTTP {evidence.status_code}"
        else:
            assert evidence.status_code == 200, f"Expected HTTP 200, got {evidence.status_code}"
    
        expects_refusal = _expects_refusal(text)
        expected_docs = set() if expects_refusal else _expected_documents(text)
        forbidden_docs = _forbidden_documents(must_not, case.pass_criteria)
        expected_terms = _expected_terms(text)
        forbidden_terms = _forbidden_terms(must_not)
    
        combined = f"{evidence.answer} {evidence.citations_text}"
    
        if expects_refusal:
            assert _contains_refusal(evidence.answer) or not evidence.answer.strip(), (
                f"Expected refusal language, got answer: {evidence.answer!r}"
            )
    
        for doc_id in expected_docs:
            assert doc_id in evidence.citations_text, f"Expected citation {doc_id}, got: {evidence.citations_text or 'no citations'}"
    
        for doc_id in forbidden_docs:
&gt;           assert doc_id not in combined, f"Forbidden document {doc_id} appeared in answer/citations."
                   ^^^^^^^^^^^^^^^^^^^^^^
E           AssertionError: Forbidden document D-001 appeared in answer/citations.

framework\assertions.py:80: AssertionError

During handling of the above exception, another exception occurred:

case = TestCase(sheet='4_RegionBoundary', row_number=3, test_case_id='TC-REG-001', category='Region Boundary', region='EMEA',...75; cite D-001', pass_criteria="Response contains 'EUR 60'; citation is D-002 only", risk='High', testing_layer='Both')
screenshot_dir = WindowsPath('C:/Users/sam/Knowledge-Assistant-Test/reports/screenshots')

    @allure.epic("Knowledge Assistant")
    @allure.label("owner", AUTHOR)
    @allure.label("tester", AUTHOR)
    @allure.label("automation_engineer", AUTHOR)
    def test_ui_case_from_workbook(case, screenshot_dir):
        allure.dynamic.feature(case.sheet)
        allure.dynamic.story(case.category)
        allure.dynamic.title(f"{case.test_case_id} - UI - {case.prompt}")
    
        with sync_playwright() as playwright:
            browser = playwright.chromium.launch(headless=True)
            page = browser.new_page(viewport={"width": 1440, "height": 1000})
            assistant_page = KnowledgeAssistantPage(page, screenshot_dir)
    
            try:
                with allure.step("Navigate to Knowledge Assistant"):
                    assistant_page.open(case)
                with allure.step("Set user region and role"):
                    assistant_page.set_context(case)
                with allure.step("Submit prompt and capture UI response"):
                    page_text = assistant_page.ask_question(case)
                with allure.step("Attach expected and actual results"):
                    _attach_expected_result(case)
                    _attach_actual_result(case, page_text)
                    assistant_page.capture_evidence(case, "expected-actual-evidence")
                with allure.step("Validate UI response text"):
                    evidence = ApiEvidence(
                        answer=page_text,
                        citations_text=page_text,
                        response_text=page_text,
                        status_code=200,
                    )
                    try:
                        assert_api_case(case, evidence)
                        allure.attach(
                            "Validation Result: PASSED",
                            f"{case.test_case_id} - validation-result.txt",
                            allure.attachment_type.TEXT,
                        )
                        assistant_page.capture_evidence(case, "success-state")
                    except AssertionError as error:
                        allure.attach(
                            f"Validation Result: FAILED\n\nError:\n{error}",
                            f"{case.test_case_id} - validation-result.txt",
                            allure.attachment_type.TEXT,
                        )
                        assistant_page.capture_evidence(case, "failure-state")
&gt;                       pytest.fail(str(error), pytrace=True)
E                       Failed: Forbidden document D-001 appeared in answer/citations.

tests_generated\test_ui_from_workbook.py:90: Failed</failure></testcase><testcase classname="tests_generated.test_ui_from_workbook" name="test_ui_case_from_workbook[4_RegionBoundary::TC-REG-002]" time="8.150"><failure message="Failed: Expected citation D-002, got: Knowledge Assistant&#10;Region&#10;Americas&#10;EMEA&#10;APAC&#10;Role&#10;Employee&#10;Engineering&#10;Finance&#10;Manager&#10;Ask&#10;For Americas travel, the daily meal allowance is USD 75; receipts are required above USD 25.&#10;D-001&#10;DOCUMENTS VISIBLE TO YOU&#10;Travel and Expense Policy (Americas)&#10;D-001 · Approved&#10;Remote Work Policy&#10;D-004 · Approved">case = TestCase(sheet='4_RegionBoundary', row_number=4, test_case_id='TC-REG-002', category='Region Boundary', region='Americ...rn EUR 60; cite D-002', pass_criteria="Response contains 'USD 75'; D-002 not cited", risk='High', testing_layer='Both')
screenshot_dir = WindowsPath('C:/Users/sam/Knowledge-Assistant-Test/reports/screenshots')

    @allure.epic("Knowledge Assistant")
    @allure.label("owner", AUTHOR)
    @allure.label("tester", AUTHOR)
    @allure.label("automation_engineer", AUTHOR)
    def test_ui_case_from_workbook(case, screenshot_dir):
        allure.dynamic.feature(case.sheet)
        allure.dynamic.story(case.category)
        allure.dynamic.title(f"{case.test_case_id} - UI - {case.prompt}")
    
        with sync_playwright() as playwright:
            browser = playwright.chromium.launch(headless=True)
            page = browser.new_page(viewport={"width": 1440, "height": 1000})
            assistant_page = KnowledgeAssistantPage(page, screenshot_dir)
    
            try:
                with allure.step("Navigate to Knowledge Assistant"):
                    assistant_page.open(case)
                with allure.step("Set user region and role"):
                    assistant_page.set_context(case)
                with allure.step("Submit prompt and capture UI response"):
                    page_text = assistant_page.ask_question(case)
                with allure.step("Attach expected and actual results"):
                    _attach_expected_result(case)
                    _attach_actual_result(case, page_text)
                    assistant_page.capture_evidence(case, "expected-actual-evidence")
                with allure.step("Validate UI response text"):
                    evidence = ApiEvidence(
                        answer=page_text,
                        citations_text=page_text,
                        response_text=page_text,
                        status_code=200,
                    )
                    try:
&gt;                       assert_api_case(case, evidence)

tests_generated\test_ui_from_workbook.py:76: 
_ _ _ _ _ _ _ _ _ _ _ _ _ _ _ _ _ _ _ _ _ _ _ _ _ _ _ _ _ _ _ _ _ _ _ _ _ _ _ _ _ _ _ _ _ _ _ _ _ _ _ _ _ _ _ _ _ _ _ _ 

case = TestCase(sheet='4_RegionBoundary', row_number=4, test_case_id='TC-REG-002', category='Region Boundary', region='Americ...rn EUR 60; cite D-002', pass_criteria="Response contains 'USD 75'; D-002 not cited", risk='High', testing_layer='Both')
evidence = ApiEvidence(answer='Knowledge Assistant\nRegion\nAmericas\nEMEA\nAPAC\nRole\nEmployee\nEngineering\nFinance\nManager\n...TO YOU\nTravel and Expense Policy (Americas)\nD-001 · Approved\nRemote Work Policy\nD-004 · Approved', status_code=200)

    def assert_api_case(case: TestCase, evidence: ApiEvidence) -&gt; None:
        if case.is_spec_gap:
            assert evidence.status_code &lt; 500, "Spec-gap case should not crash the service."
            return
    
        text = f"{case.expected_behavior} {case.pass_criteria}"
        must_not = case.must_not_do
    
        if _expects_client_error(case):
            assert evidence.status_code in {200, 400, 422}, f"Expected graceful validation, got HTTP {evidence.status_code}"
        else:
            assert evidence.status_code == 200, f"Expected HTTP 200, got {evidence.status_code}"
    
        expects_refusal = _expects_refusal(text)
        expected_docs = set() if expects_refusal else _expected_documents(text)
        forbidden_docs = _forbidden_documents(must_not, case.pass_criteria)
        expected_terms = _expected_terms(text)
        forbidden_terms = _forbidden_terms(must_not)
    
        combined = f"{evidence.answer} {evidence.citations_text}"
    
        if expects_refusal:
            assert _contains_refusal(evidence.answer) or not evidence.answer.strip(), (
                f"Expected refusal language, got answer: {evidence.answer!r}"
            )
    
        for doc_id in expected_docs:
&gt;           assert doc_id in evidence.citations_text, f"Expected citation {doc_id}, got: {evidence.citations_text or 'no citations'}"
                   ^^^^^^^^^^^^^^^^^^^^^^^^^^^^^^^^^
E           AssertionError: Expected citation D-002, got: Knowledge Assistant
E           Region
E           Americas
E           EMEA
E           APAC
E           Role
E           Employee
E           Engineering
E           Finance
E           Manager
E           Ask
E           For Americas travel, the daily meal allowance is USD 75; receipts are required above USD 25.
E           D-001
E           DOCUMENTS VISIBLE TO YOU
E           Travel and Expense Policy (Americas)
E           D-001 · Approved
E           Remote Work Policy
E           D-004 · Approved

framework\assertions.py:77: AssertionError

During handling of the above exception, another exception occurred:

case = TestCase(sheet='4_RegionBoundary', row_number=4, test_case_id='TC-REG-002', category='Region Boundary', region='Americ...rn EUR 60; cite D-002', pass_criteria="Response contains 'USD 75'; D-002 not cited", risk='High', testing_layer='Both')
screenshot_dir = WindowsPath('C:/Users/sam/Knowledge-Assistant-Test/reports/screenshots')

    @allure.epic("Knowledge Assistant")
    @allure.label("owner", AUTHOR)
    @allure.label("tester", AUTHOR)
    @allure.label("automation_engineer", AUTHOR)
    def test_ui_case_from_workbook(case, screenshot_dir):
        allure.dynamic.feature(case.sheet)
        allure.dynamic.story(case.category)
        allure.dynamic.title(f"{case.test_case_id} - UI - {case.prompt}")
    
        with sync_playwright() as playwright:
            browser = playwright.chromium.launch(headless=True)
            page = browser.new_page(viewport={"width": 1440, "height": 1000})
            assistant_page = KnowledgeAssistantPage(page, screenshot_dir)
    
            try:
                with allure.step("Navigate to Knowledge Assistant"):
                    assistant_page.open(case)
                with allure.step("Set user region and role"):
                    assistant_page.set_context(case)
                with allure.step("Submit prompt and capture UI response"):
                    page_text = assistant_page.ask_question(case)
                with allure.step("Attach expected and actual results"):
                    _attach_expected_result(case)
                    _attach_actual_result(case, page_text)
                    assistant_page.capture_evidence(case, "expected-actual-evidence")
[...]
screenshot_dir = WindowsPath('C:/Users/sam/Knowledge-Assistant-Test/reports/screenshots')

    @allure.epic("Knowledge Assistant")
    @allure.label("owner", AUTHOR)
    @allure.label("tester", AUTHOR)
    @allure.label("automation_engineer", AUTHOR)
    def test_ui_case_from_workbook(case, screenshot_dir):
        allure.dynamic.feature(case.sheet)
        allure.dynamic.story(case.category)
        allure.dynamic.title(f"{case.test_case_id} - UI - {case.prompt}")
    
        with sync_playwright() as playwright:
            browser = playwright.chromium.launch(headless=True)
            page = browser.new_page(viewport={"width": 1440, "height": 1000})
            assistant_page = KnowledgeAssistantPage(page, screenshot_dir)
    
            try:
                with allure.step("Navigate to Knowledge Assistant"):
                    assistant_page.open(case)
                with allure.step("Set user region and role"):
                    assistant_page.set_context(case)
                with allure.step("Submit prompt and capture UI response"):
                    page_text = assistant_page.ask_question(case)
                with allure.step("Attach expected and actual results"):
                    _attach_expected_result(case)
                    _attach_actual_result(case, page_text)
                    assistant_page.capture_evidence(case, "expected-actual-evidence")
                with allure.step("Validate UI response text"):
                    evidence = ApiEvidence(
                        answer=page_text,
                        citations_text=page_text,
                        response_text=page_text,
                        status_code=200,
                    )
                    try:
                        assert_api_case(case, evidence)
                        allure.attach(
                            "Validation Result: PASSED",
                            f"{case.test_case_id} - validation-result.txt",
                            allure.attachment_type.TEXT,
                        )
                        assistant_page.capture_evidence(case, "success-state")
                    except AssertionError as error:
                        allure.attach(
                            f"Validation Result: FAILED\n\nError:\n{error}",
                            f"{case.test_case_id} - validation-result.txt",
                            allure.attachment_type.TEXT,
                        )
                        assistant_page.capture_evidence(case, "failure-state")
&gt;                       pytest.fail(str(error), pytrace=True)
E                       Failed: Expected answer to contain 'USD 75', got: 'Knowledge Assistant\nRegion\nAmericas\nEMEA\nAPAC\nRole\nEmployee\nEngineering\nFinance\nManager\nAsk\nThinking...\nDOCUMENTS VISIBLE TO YOU\nTravel and Expense Policy (Americas)\nD-001 · Approved\nRemote Work Policy\nD-004 · Approved'

tests_generated\test_ui_from_workbook.py:90: Failed</failure></testcase><testcase classname="tests_generated.test_ui_from_workbook" name="test_ui_case_from_workbook[8_EdgeCases::TC-EC-006]" time="8.127"><failure message="Failed: Expected refusal language, got answer: 'Knowledge Assistant\nRegion\nAmericas\nEMEA\nAPAC\nRole\nEmployee\nEngineering\nFinance\nManager\nAsk\nYou can work remotely up to 1 day per week.\nD-005\nDOCUMENTS VISIBLE TO YOU\nTravel and Expense Policy (Americas)\nD-001 · Approved\nRemote Work Policy\nD-004 · Approved'">case = TestCase(sheet='8_EdgeCases', row_number=8, test_case_id='TC-EC-006', category='Edge Case', region='Americas', role='E...005", pass_criteria="D-005 not cited; '1 day' absent; refusal or redirect to D-004", risk='High', testing_layer='Both')
screenshot_dir = WindowsPath('C:/Users/sam/Knowledge-Assistant-Test/reports/screenshots')

    @allure.epic("Knowledge Assistant")
    @allure.label("owner", AUTHOR)
    @allure.label("tester", AUTHOR)
    @allure.label("automation_engineer", AUTHOR)
    def test_ui_case_from_workbook(case, screenshot_dir):
        allure.dynamic.feature(case.sheet)
        allure.dynamic.story(case.category)
        allure.dynamic.title(f"{case.test_case_id} - UI - {case.prompt}")
    
        with sync_playwright() as playwright:
            browser = playwright.chromium.launch(headless=True)
            page = browser.new_page(viewport={"width": 1440, "height": 1000})
            assistant_page = KnowledgeAssistantPage(page, screenshot_dir)
    
            try:
                with allure.step("Navigate to Knowledge Assistant"):
                    assistant_page.open(case)
                with allure.step("Set user region and role"):
                    assistant_page.set_context(case)
                with allure.step("Submit prompt and capture UI response"):
                    page_text = assistant_page.ask_question(case)
                with allure.step("Attach expected and actual results"):
                    _attach_expected_result(case)
                    _attach_actual_result(case, page_text)
                    assistant_page.capture_evidence(case, "expected-actual-evidence")
                with allure.step("Validate UI response text"):
                    evidence = ApiEvidence(
                        answer=page_text,
                        citations_text=page_text,
                        response_text=page_text,
                        status_code=200,
                    )
                    try:
&gt;                       assert_api_case(case, evidence)

tests_generated\test_ui_from_workbook.py:76: 
_ _ _ _ _ _ _ _ _ _ _ _ _ _ _ _ _ _ _ _ _ _ _ _ _ _ _ _ _ _ _ _ _ _ _ _ _ _ _ _ _ _ _ _ _ _ _ _ _ _ _ _ _ _ _ _ _ _ _ _ 

case = TestCase(sheet='8_EdgeCases', row_number=8, test_case_id='TC-EC-006', category='Edge Case', region='Americas', role='E...005", pass_criteria="D-005 not cited; '1 day' absent; refusal or redirect to D-004", risk='High', testing_layer='Both')
evidence = ApiEvidence(answer='Knowledge Assistant\nRegion\nAmericas\nEMEA\nAPAC\nRole\nEmployee\nEngineering\nFinance\nManager\n...TO YOU\nTravel and Expense Policy (Americas)\nD-001 · Approved\nRemote Work Policy\nD-004 · Approved', status_code=200)

    def assert_api_case(case: TestCase, evidence: ApiEvidence) -&gt; None:
        if case.is_spec_gap:
            assert evidence.status_code &lt; 500, "Spec-gap case should not crash the service."
            return
    
        text = f"{case.expected_behavior} {case.pass_criteria}"
        must_not = case.must_not_do
    
        if _expects_client_error(case):
            assert evidence.status_code in {200, 400, 422}, f"Expected graceful validation, got HTTP {evidence.status_code}"
        else:
            assert evidence.status_code == 200, f"Expected HTTP 200, got {evidence.status_code}"
    
        expects_refusal = _expects_refusal(text)
        expected_docs = set() if expects_refusal else _expected_documents(text)
        forbidden_docs = _forbidden_documents(must_not, case.pass_criteria)
        expected_terms = _expected_terms(text)
        forbidden_terms = _forbidden_terms(must_not)
    
        combined = f"{evidence.answer} {evidence.citations_text}"
    
        if expects_refusal:
&gt;           assert _contains_refusal(evidence.answer) or not evidence.answer.strip(), (
                   ^^^^^^^^^^^^^^^^^^^^^^^^^^^^^^^^^^^^^^^^^^^^^^^^^^^^^^^^^^^^^^^^^
                f"Expected refusal language, got answer: {evidence.answer!r}"
            )
E           AssertionError: Expected refusal language, got answer: 'Knowledge Assistant\nRegion\nAmericas\nEMEA\nAPAC\nRole\nEmployee\nEngineering\nFinance\nManager\nAsk\nYou can work remotely up to 1 day per week.\nD-005\nDOCUMENTS VISIBLE TO YOU\nTravel and Expense Policy (Americas)\nD-001 · Approved\nRemote Work Policy\nD-004 · Approved'

framework\assertions.py:72: AssertionError

During handling of the above exception, another exception occurred:

case = TestCase(sheet='8_EdgeCases', row_number=8, test_case_id='TC-EC-006', category='Edge Case', region='Americas', role='E...005", pass_criteria="D-005 not cited; '1 day' absent; refusal or redirect to D-004", risk='High', testing_layer='Both')
screenshot_dir = WindowsPath('C:/Users/sam/Knowledge-Assistant-Test/reports/screenshots')

    @allure.epic("Knowledge Assistant")
    @allure.label("owner", AUTHOR)
    @allure.label("tester", AUTHOR)
    @allure.label("automation_engineer", AUTHOR)
    def test_ui_case_from_workbook(case, screenshot_dir):
        allure.dynamic.feature(case.sheet)
        allure.dynamic.story(case.category)
        allure.dynamic.title(f"{case.test_case_id} - UI - {case.prompt}")
    
        with sync_playwright() as playwright:
            browser = playwright.chromium.launch(headless=True)
            page = browser.new_page(viewport={"width": 1440, "height": 1000})
            assistant_page = KnowledgeAssistantPage(page, screenshot_dir)
    
            try:
                with allure.step("Navigate to Knowledge Assistant"):
                    assistant_page.open(case)
                with allure.step("Set user region and role"):
                    assistant_page.set_context(case)
                with allure.step("Submit prompt and capture UI response"):
                    page_text = assistant_page.ask_question(case)
                with allure.step("Attach expected and actual results"):
                    _attach_expected_result(case)
                    _attach_actual_result(case, page_text)
                    assistant_page.capture_evidence(case, "expected-actual-evidence")
                with allure.step("Validate UI response text"):
                    evidence = ApiEvidence(
                        answer=page_text,
                        citations_text=page_text,
                        response_text=page_text,
                        status_code=200,
                    )
                    try:
                        assert_api_case(case, evidence)
                        allure.attach(
                            "Validation Result: PASSED",
                            f"{case.test_case_id} - validation-result.txt",
                            allure.attachment_type.TEXT,
                        )
                        assistant_page.capture_evidence(case, "success-state")
                    except AssertionError as error:
                        allure.attach(
                            f"Validation Result: FAILED\n\nError:\n{error}",
                            f"{case.test_case_id} - validation-result.txt",
                            allure.attachment_type.TEXT,
                        )
                        assistant_page.capture_evidence(case, "failure-state")
&gt;                       pytest.fail(str(error), pytrace=True)
E                       Failed: Expected refusal language, got answer: 'Knowledge Assistant\nRegion\nAmericas\nEMEA\nAPAC\nRole\nEmployee\nEngineering\nFinance\nManager\nAsk\nYou can work remotely up to 1 day per week.\nD-005\nDOCUMENTS VISIBLE TO YOU\nTravel and Expense Policy (Americas)\nD-001 · Approved\nRemote Work Policy\nD-004 · Approved'

tests_generated\test_ui_from_workbook.py:90: Failed</failure></testcase><testcase classname="tests_generated.test_ui_from_workbook" name="test_ui_case_from_workbook[8_EdgeCases::TC-EC-007]" time="8.063"><failure message="Failed: Forbidden document D-005 appeared in answer/citations.">case = TestCase(sheet='8_EdgeCases', row_number=9, test_case_id='TC-EC-007', category='Edge Case', region='Americas', role='E...05', pass_criteria="Response contradicts '1 day'; states '3 days'; D-005 not cited", risk='High', testing_layer='Both')
screenshot_dir = WindowsPath('C:/Users/sam/Knowledge-Assistant-Test/reports/screenshots')

    @allure.epic("Knowledge Assistant")
    @allure.label("owner", AUTHOR)
    @allure.label("tester", AUTHOR)
    @allure.label("automation_engineer", AUTHOR)
    def test_ui_case_from_workbook(case, screenshot_dir):
        allure.dynamic.feature(case.sheet)
        allure.dynamic.story(case.category)
        allure.dynamic.title(f"{case.test_case_id} - UI - {case.prompt}")
    
        with sync_playwright() as playwright:
            browser = playwright.chromium.launch(headless=True)
            page = browser.new_page(viewport={"width": 1440, "height": 1000})
            assistant_page = KnowledgeAssistantPage(page, screenshot_dir)
    
            try:
                with allure.step("Navigate to Knowledge Assistant"):
                    assistant_page.open(case)
                with allure.step("Set user region and role"):
                    assistant_page.set_context(case)
                with allure.step("Submit prompt and capture UI response"):
                    page_text = assistant_page.ask_question(case)
                with allure.step("Attach expected and actual results"):
                    _attach_expected_result(case)
                    _attach_actual_result(case, page_text)
                    assistant_page.capture_evidence(case, "expected-actual-evidence")
                with allure.step("Validate UI response text"):
                    evidence = ApiEvidence(
                        answer=page_text,
                        citations_text=page_text,
                        response_text=page_text,
                        status_code=200,
                    )
                    try:
&gt;                       assert_api_case(case, evidence)

tests_generated\test_ui_from_workbook.py:76: 
_ _ _ _ _ _ _ _ _ _ _ _ _ _ _ _ _ _ _ _ _ _ _ _ _ _ _ _ _ _ _ _ _ _ _ _ _ _ _ _ _ _ _ _ _ _ _ _ _ _ _ _ _ _ _ _ _ _ _ _ 

case = TestCase(sheet='8_EdgeCases', row_number=9, test_case_id='TC-EC-007', category='Edge Case', region='Americas', role='E...05', pass_criteria="Response contradicts '1 day'; states '3 days'; D-005 not cited", risk='High', testing_layer='Both')
evidence = ApiEvidence(answer='Knowledge Assistant\nRegion\nAmericas\nEMEA\nAPAC\nRole\nEmployee\nEngineering\nFinance\nManager\n...TO YOU\nTravel and Expense Policy (Americas)\nD-001 · Approved\nRemote Work Policy\nD-004 · Approved', status_code=200)

    def assert_api_case(case: TestCase, evidence: ApiEvidence) -&gt; None:
        if case.is_spec_gap:
            assert evidence.status_code &lt; 500, "Spec-gap case should not crash the service."
            return
    
        text = f"{case.expected_behavior} {case.pass_criteria}"
        must_not = case.must_not_do
    
        if _expects_client_error(case):
            assert evidence.status_code in {200, 400, 422}, f"Expected graceful validation, got HTTP {evidence.status_code}"
        else:
            assert evidence.status_code == 200, f"Expected HTTP 200, got {evidence.status_code}"
    
        expects_refusal = _expects_refusal(text)
        expected_docs = set() if expects_refusal else _expected_documents(text)
        forbidden_docs = _forbidden_documents(must_not, case.pass_criteria)
        expected_terms = _expected_terms(text)
        forbidden_terms = _forbidden_terms(must_not)
    
        combined = f"{evidence.answer} {evidence.citations_text}"
    
        if expects_refusal:
            assert _contains_refusal(evidence.answer) or not evidence.answer.strip(), (
                f"Expected refusal language, got answer: {evidence.answer!r}"
            )
    
        for doc_id in expected_docs:
            assert doc_id in evidence.citations_text, f"Expected citation {doc_id}, got: {evidence.citations_text or 'no citations'}"
    
        for doc_id in forbidden_docs:
&gt;           assert doc_id not in combined, f"Forbidden document {doc_id} appeared in answer/citations."
                   ^^^^^^^^^^^^^^^^^^^^^^
E           AssertionError: Forbidden document D-005 appeared in answer/citations.

framework\assertions.py:80: AssertionError

During handling of the above exception, another exception occurred:

case = TestCase(sheet='8_EdgeCases', row_number=9, test_case_id='TC-EC-007', category='Edge Case', region='Americas', role='E...05', pass_criteria="Response contradicts '1 day'; states '3 days'; D-005 not cited", risk='High', testing_layer='Both')
screenshot_dir = WindowsPath('C:/Users/sam/Knowledge-Assistant-Test/reports/screenshots')

    @allure.epic("Knowledge Assistant")
    @allure.label("owner", AUTHOR)
    @allure.label("tester", AUTHOR)
    @allure.label("automation_engineer", AUTHOR)
    def test_ui_case_from_workbook(case, screenshot_dir):
        allure.dynamic.feature(case.sheet)
        allure.dynamic.story(case.category)
        allure.dynamic.title(f"{case.test_case_id} - UI - {case.prompt}")
    
        with sync_playwright() as playwright:
            browser = playwright.chromium.launch(headless=True)
            page = browser.new_page(viewport={"width": 1440, "height": 1000})
            assistant_page = KnowledgeAssistantPage(page, screenshot_dir)
    
            try:
                with allure.step("Navigate to Knowledge Assistant"):
                    assistant_page.open(case)
                with allure.step("Set user region and role"):
                    assistant_page.set_context(case)
                with allure.step("Submit prompt and capture UI response"):
                    page_text = assistant_page.ask_question(case)
                with allure.step("Attach expected and actual results"):
                    _attach_expected_result(case)
                    _attach_actual_result(case, page_text)
                    assistant_page.capture_evidence(case, "expected-actual-evidence")
                with allure.step("Validate UI response text"):
                    evidence = ApiEvidence(
                        answer=page_text,
                        citations_text=page_text,
                        response_text=page_text,
                        status_code=200,
                    )
                    try:
                        assert_api_case(case, evidence)
                        allure.attach(
                            "Validation Result: PASSED",
                            f"{case.test_case_id} - validation-result.txt",
                            allure.attachment_type.TEXT,
                        )
                        assistant_page.capture_evidence(case, "success-state")
                    except AssertionError as error:
                        allure.attach(
                            f"Validation Result: FAILED\n\nError:\n{error}",
                            f"{case.test_case_id} - validation-result.txt",
                            allure.attachment_type.TEXT,
                        )
                        assistant_page.capture_evidence(case, "failure-state")
&gt;                       pytest.fail(str(error), pytrace=True)
E                       Failed: Forbidden document D-005 appeared in answer/citations.

tests_generated\test_ui_from_workbook.py:90: Failed</failure></testcase><testcase classname="tests_generated.test_ui_from_workbook" name="test_ui_case_from_workbook[9_CrossRegion::TC-CR-001]" time="8.194" /><testcase classname="tests_generated.test_ui_from_workbook" name="test_ui_case_from_workbook[9_CrossRegion::TC-CR-002]" time="8.096" /><testcase classname="tests_generated.test_ui_from_workbook" name="test_ui_case_from_workbook[9_CrossRegion::TC-CR-003]" time="8.051" /><testcase classname="tests_generated.test_ui_from_workbook" name="test_ui_case_from_workbook[9_CrossRegion::TC-CR-004]" time="8.092" /><testcase classname="tests_generated.test_ui_from_workbook" name="test_ui_case_from_workbook[9_CrossRegion::TC-CR-005]" time="8.138" /><testcase classname="tests_generated.test_ui_from_workbook" name="test_ui_case_from_workbook[10_APIvsUI::TC-API-001]" time="8.150" /><testcase classname="tests_generated.test_ui_from_workbook" name="test_ui_case_from_workbook[10_APIvsUI::TC-API-002]" time="8.111" /><testcase classname="tests_generated.test_ui_from_workbook" name="test_ui_case_from_workbook[10_APIvsUI::TC-API-006]" time="8.211" /></testsuite></testsuites>